#
# A fatal error has been detected by the Java Runtime Environment:
#
#  EXCEPTION_ACCESS_VIOLATION (0xc0000005) at pc=0x78c7b69e, pid=18040, tid=0x0000459c
#
# JRE version: Java(TM) SE Runtime Environment (8.0_271-b09) (build 1.8.0_271-b09)
# Java VM: Java HotSpot(TM) Client VM (25.271-b09 mixed mode windows-x86 )
# Problematic frame:
# C  [ig8icd32.dll+0x6b69e]
#
# Failed to write core dump. Minidumps are not enabled by default on client versions of Windows
#
# If you would like to submit a bug report, please visit:
#   http://bugreport.java.com/bugreport/crash.jsp
# The crash happened outside the Java Virtual Machine in native code.
# See problematic frame for where to report the bug.
#

---------------  T H R E A D  ---------------

Current thread (0x00b22c00):  JavaThread "Render thread" [_thread_in_native, id=17820, stack(0x02490000,0x02590000)]

siginfo: ExceptionCode=0xc0000005, writing address 0x000000a0

Registers:
EAX=0x000000a0, EBX=0x000000a0, ECX=0x046973fc, EDX=0x00000000
ESP=0x0258e5a8, EBP=0x0258e5c4, ESI=0x28cadd10, EDI=0x00000000
EIP=0x78c7b69e, EFLAGS=0x00010206

Top of Stack: (sp=0x0258e5a8)
0x0258e5a8:   28cadd10 28c91000 0258ead0 00000000
0x0258e5b8:   00000000 046973fc 05000000 0258eac0
0x0258e5c8:   78c6ca28 00000028 00000000 28c91000
0x0258e5d8:   277d0490 28e459d8 28b90568 5a3548c0
0x0258e5e8:   00000000 00000000 4dee2e01 0258e670
0x0258e5f8:   28cc3e00 28c91000 00000002 00000004
0x0258e608:   0258e6d4 28cae000 0258e800 0258e66f
0x0258e618:   0258e630 0258e650 00000000 00000000 

Instructions: (pc=0x78c7b69e)
0x78c7b67e:   04 80 8d 04 c3 85 c0 75 14 57 8b cb e8 f1 e0 4a
0x78c7b68e:   00 85 c0 75 08 57 8b cb e8 f5 e1 4a 00 8b 4d f8
0x78c7b69e:   89 08 8b 4d f4 89 48 04 8b 45 f0 c7 40 0c 00 00
0x78c7b6ae:   00 00 8b 46 10 8b 90 88 01 02 00 8b 88 8c 01 02 


Register to memory mapping:

EAX=0x000000a0 is an unknown value
EBX=0x000000a0 is an unknown value
ECX=0x046973fc is an unknown value
EDX=0x00000000 is an unknown value
ESP=0x0258e5a8 is pointing into the stack for thread: 0x00b22c00
EBP=0x0258e5c4 is pointing into the stack for thread: 0x00b22c00
ESI=0x28cadd10 is an unknown value
EDI=0x00000000 is an unknown value


Stack: [0x02490000,0x02590000],  sp=0x0258e5a8,  free space=1017k
Native frames: (J=compiled Java code, j=interpreted, Vv=VM code, C=native code)
C  [ig8icd32.dll+0x6b69e]
C  [ig8icd32.dll+0x5ca28]
C  [ig8icd32.dll+0x16c8df]
C  [ig8icd32.dll+0xb3466]
C  [ig8icd32.dll+0x173922]
C  [ig8icd32.dll+0x2a90fe]
C  [ig8icd32.dll+0x4df3cf]
C  [ig8icd32.dll+0x7ccbd]
C  [ig8icd32.dll+0x85221]
C  [opengl32.dll+0x36883]
C  [lwjgl_opengl32.dll+0xcc35]
J 187828 C1 net.minecraft.class_1011.method_4321(IIIIIIIZZZZ)V (113 bytes) @ 0x029022f0 [0x02901c80+0x670]
J 187833 C1 net.minecraft.class_1011.method_22619(IIIIIIIZZZZ)V (61 bytes) @ 0x029c305c [0x029c2ef0+0x16c]
J 215396 C1 net.minecraft.class_1058.method_4579(II[Lnet/minecraft/class_1011;)V (86 bytes) @ 0x0298f110 [0x0298f010+0x100]
J 275782 C1 net.minecraft.class_1058.method_4573(I)V (41 bytes) @ 0x026b3eb0 [0x026b3e50+0x60]
J 215469 C1 net.minecraft.class_1058.method_4597()V (160 bytes) @ 0x02c9e1cc [0x02c9e020+0x1ac]
J 215421 C1 net.minecraft.class_1059.method_4612()V (41 bytes) @ 0x02c4e798 [0x02c4e5d0+0x1c8]
J 215963 C1 net.minecraft.class_1059.method_4622()V (23 bytes) @ 0x02716430 [0x027163b0+0x80]
J 215614 C1 net.minecraft.class_1060.method_4622()V (39 bytes) @ 0x026f7410 [0x026f7380+0x90]
J 22387 C1 net.minecraft.class_310.method_1574()V (896 bytes) @ 0x028ad3f4 [0x028ad180+0x274]
J 6560 C1 net.minecraft.class_310.method_1523(Z)V (946 bytes) @ 0x0273a2fc [0x0273a000+0x2fc]
J 23104% C1 net.minecraft.class_310.method_1514()V (223 bytes) @ 0x02caa6b0 [0x02caa500+0x1b0]
j  net.minecraft.client.main.Main.main([Ljava/lang/String;)V+1366
v  ~StubRoutines::call_stub
V  [jvm.dll+0x165e44]
V  [jvm.dll+0x236b5b]
V  [jvm.dll+0x1659ea]
V  [jvm.dll+0x172640]
V  [jvm.dll+0x172a22]
V  [jvm.dll+0x110431]
C  [java.dll+0x36ca]
j  sun.reflect.NativeMethodAccessorImpl.invoke(Ljava/lang/Object;[Ljava/lang/Object;)Ljava/lang/Object;+100
J 1190 C1 sun.reflect.DelegatingMethodAccessorImpl.invoke(Ljava/lang/Object;[Ljava/lang/Object;)Ljava/lang/Object; (10 bytes) @ 0x0280ac40 [0x0280ac10+0x30]
J 1189 C1 java.lang.reflect.Method.invoke(Ljava/lang/Object;[Ljava/lang/Object;)Ljava/lang/Object; (62 bytes) @ 0x0280a954 [0x0280a880+0xd4]
j  net.fabricmc.loader.game.MinecraftGameProvider.launch(Ljava/lang/ClassLoader;)V+71
j  net.fabricmc.loader.launch.knot.Knot.launch(Ljava/lang/ClassLoader;)V+23
j  net.fabricmc.loader.launch.knot.KnotClient.main([Ljava/lang/String;)V+39
v  ~StubRoutines::call_stub
V  [jvm.dll+0x165e44]
V  [jvm.dll+0x236b5b]
V  [jvm.dll+0x1659ea]
V  [jvm.dll+0xebbc5]
V  [jvm.dll+0xe4446]
C  [javaw.exe+0x2322]

Java frames: (J=compiled Java code, j=interpreted, Vv=VM code)
J 5733  org.lwjgl.opengl.GL11C.nglTexSubImage2D(IIIIIIIIJ)V (0 bytes) @ 0x029ea459 [0x029ea3e0+0x79]
J 187828 C1 net.minecraft.class_1011.method_4321(IIIIIIIZZZZ)V (113 bytes) @ 0x029022f0 [0x02901c80+0x670]
J 187833 C1 net.minecraft.class_1011.method_22619(IIIIIIIZZZZ)V (61 bytes) @ 0x029c305c [0x029c2ef0+0x16c]
J 215396 C1 net.minecraft.class_1058.method_4579(II[Lnet/minecraft/class_1011;)V (86 bytes) @ 0x0298f110 [0x0298f010+0x100]
J 275782 C1 net.minecraft.class_1058.method_4573(I)V (41 bytes) @ 0x026b3eb0 [0x026b3e50+0x60]
J 215469 C1 net.minecraft.class_1058.method_4597()V (160 bytes) @ 0x02c9e1cc [0x02c9e020+0x1ac]
J 215421 C1 net.minecraft.class_1059.method_4612()V (41 bytes) @ 0x02c4e798 [0x02c4e5d0+0x1c8]
J 215963 C1 net.minecraft.class_1059.method_4622()V (23 bytes) @ 0x02716430 [0x027163b0+0x80]
J 215614 C1 net.minecraft.class_1060.method_4622()V (39 bytes) @ 0x026f7410 [0x026f7380+0x90]
J 22387 C1 net.minecraft.class_310.method_1574()V (896 bytes) @ 0x028ad3f4 [0x028ad180+0x274]
J 6560 C1 net.minecraft.class_310.method_1523(Z)V (946 bytes) @ 0x0273a2fc [0x0273a000+0x2fc]
J 23104% C1 net.minecraft.class_310.method_1514()V (223 bytes) @ 0x02caa6b0 [0x02caa500+0x1b0]
j  net.minecraft.client.main.Main.main([Ljava/lang/String;)V+1366
v  ~StubRoutines::call_stub
j  sun.reflect.NativeMethodAccessorImpl.invoke0(Ljava/lang/reflect/Method;Ljava/lang/Object;[Ljava/lang/Object;)Ljava/lang/Object;+0
j  sun.reflect.NativeMethodAccessorImpl.invoke(Ljava/lang/Object;[Ljava/lang/Object;)Ljava/lang/Object;+100
J 1190 C1 sun.reflect.DelegatingMethodAccessorImpl.invoke(Ljava/lang/Object;[Ljava/lang/Object;)Ljava/lang/Object; (10 bytes) @ 0x0280ac40 [0x0280ac10+0x30]
J 1189 C1 java.lang.reflect.Method.invoke(Ljava/lang/Object;[Ljava/lang/Object;)Ljava/lang/Object; (62 bytes) @ 0x0280a954 [0x0280a880+0xd4]
j  net.fabricmc.loader.game.MinecraftGameProvider.launch(Ljava/lang/ClassLoader;)V+71
j  net.fabricmc.loader.launch.knot.Knot.launch(Ljava/lang/ClassLoader;)V+23
j  net.fabricmc.loader.launch.knot.KnotClient.main([Ljava/lang/String;)V+39
v  ~StubRoutines::call_stub

---------------  P R O C E S S  ---------------

Java Threads: ( => current thread )
  0x25f2c400 JavaThread "Sound engine" daemon [_thread_blocked, id=18412, stack(0x47870000,0x47970000)]
  0x25f2c000 JavaThread "Netty Server IO #3" daemon [_thread_in_native, id=13492, stack(0x47620000,0x47720000)]
  0x25f2b800 JavaThread "Netty Local Client IO #1" daemon [_thread_blocked, id=14384, stack(0x47520000,0x47620000)]
  0x25f2d000 JavaThread "Netty Server IO #2" daemon [_thread_in_native, id=7196, stack(0x47420000,0x47520000)]
  0x274a3c00 JavaThread "Java2D Disposer" daemon [_thread_blocked, id=17932, stack(0x47320000,0x47420000)]
  0x274a6400 JavaThread "Server thread" [_thread_blocked, id=17800, stack(0x318e0000,0x319e0000)]
  0x274a2c00 JavaThread "Snooper Timer" daemon [_thread_blocked, id=16600, stack(0x316e0000,0x317e0000)]
  0x25f2e000 JavaThread "pool-3-thread-13" [_thread_blocked, id=12580, stack(0x34890000,0x34990000)]
  0x274a1c00 JavaThread "pool-3-thread-10" [_thread_blocked, id=12372, stack(0x37480000,0x37580000)]
  0x274a0000 JavaThread "pool-3-thread-2" [_thread_blocked, id=14808, stack(0x48c50000,0x48d50000)]
  0x274a1000 JavaThread "pool-3-thread-1" [_thread_blocked, id=11220, stack(0x47e60000,0x47f60000)]
  0x274a5c00 JavaThread "Netty Server IO #1" daemon [_thread_in_native, id=16176, stack(0x46f20000,0x47020000)]
  0x274a1800 JavaThread "Netty Local Client IO #0" daemon [_thread_blocked, id=14080, stack(0x46e00000,0x46f00000)]
  0x2749ec00 JavaThread "Netty Server IO #0" daemon [_thread_in_native, id=9816, stack(0x46d00000,0x46e00000)]
  0x274a5800 JavaThread "ObjectCleanerThread" daemon [_thread_blocked, id=8816, stack(0x46c00000,0x46d00000)]
  0x25f2ec00 JavaThread "Narrator" [_thread_blocked, id=14408, stack(0x33e30000,0x33f30000)]
  0x25f2f000 JavaThread "Snooper Timer" daemon [_thread_blocked, id=15376, stack(0x2b8d0000,0x2b9d0000)]
  0x25f2d800 JavaThread "Timer hack thread" daemon [_thread_blocked, id=12056, stack(0x2a770000,0x2a870000)]
  0x25e10400 JavaThread "Service Thread" daemon [_thread_blocked, id=12916, stack(0x26690000,0x26790000)]
  0x25e1b000 JavaThread "C1 CompilerThread0" daemon [_thread_blocked, id=15036, stack(0x26600000,0x26650000)]
  0x25e07c00 JavaThread "Attach Listener" daemon [_thread_blocked, id=12132, stack(0x264c0000,0x265c0000)]
  0x25e07400 JavaThread "Signal Dispatcher" daemon [_thread_blocked, id=4412, stack(0x26380000,0x26480000)]
  0x25e12c00 JavaThread "Surrogate Locker Thread (Concurrent GC)" daemon [_thread_blocked, id=6608, stack(0x26240000,0x26340000)]
  0x25dfc000 JavaThread "Finalizer" daemon [_thread_blocked, id=16656, stack(0x26000000,0x26100000)]
  0x25df7c00 JavaThread "Reference Handler" daemon [_thread_blocked, id=9140, stack(0x25cb0000,0x25db0000)]
=>0x00b22c00 JavaThread "Render thread" [_thread_in_native, id=17820, stack(0x02490000,0x02590000)]

Other Threads:
  0x25de0c00 VMThread [stack: 0x25c20000,0x25c70000] [id=17808]
  0x25e41000 WatcherThread [stack: 0x267d0000,0x26820000] [id=7764]

VM state:not at safepoint (normal execution)

VM Mutex/Monitor currently owned by a thread: None

Heap:
 par new generation   total 118016K, used 75374K [0x04800000, 0x0c800000, 0x0c800000)
  eden space 104960K,  70% used [0x04800000, 0x09053a38, 0x0ae80000)
  from space 13056K,  10% used [0x0bb40000, 0x0bc87f68, 0x0c800000)
  to   space 13056K,   0% used [0x0ae80000, 0x0ae80000, 0x0bb40000)
 concurrent mark-sweep generation total 393216K, used 378215K [0x0c800000, 0x24800000, 0x24800000)
 Metaspace       used 53200K, capacity 62872K, committed 62976K, reserved 63872K

Card table byte_map: [0x24800000,0x24910000] byte_map_base: 0x247dc000

Marking Bits: (CMSBitMap*) 0x00b93908
 Bits: [0x249e0000, 0x255e0000)

Mod Union Table: (CMSBitMap*) 0x00b93968
 Bits: [0x04790000, 0x047a8000)

Polling page: 0x00640000

CodeCache: size=32768Kb used=4748Kb max_used=12243Kb free=28019Kb
 bounds [0x02590000, 0x031b8000, 0x04590000]
 total_blobs=3321 nmethods=2396 adapters=852
 compilation: enabled

Compilation events (10 events):
Event: 6531.343 Thread 0x25e1b000 278365             net.minecraft.class_2804::method_12140 (11 bytes)
Event: 6531.344 Thread 0x25e1b000 nmethod 278365 0x02a4e648 code [0x02a4e740, 0x02a4e7d0]
Event: 6531.971 Thread 0x25e1b000 278366             java.util.HashSet::isEmpty (8 bytes)
Event: 6531.972 Thread 0x25e1b000 nmethod 278366 0x027aff48 code [0x027b0040, 0x027b00e0]
Event: 6532.141 Thread 0x25e1b000 278367             it.unimi.dsi.fastutil.HashCommon::nextPowerOfTwo (53 bytes)
Event: 6532.141 Thread 0x25e1b000 nmethod 278367 0x026aa188 code [0x026aa280, 0x026aa420]
Event: 6532.308 Thread 0x25e1b000 278368             sun.nio.cs.SingleByte$Encoder::encodeArrayLoop (236 bytes)
Event: 6532.311 Thread 0x25e1b000 nmethod 278368 0x02f96408 code [0x02f966e0, 0x02f97284]
Event: 6532.316 Thread 0x25e1b000 278369             org.apache.logging.log4j.core.pattern.MessagePatternConverter::format (287 bytes)
Event: 6532.320 Thread 0x25e1b000 nmethod 278369 0x02714b08 code [0x02714d30, 0x02715504]

GC Heap History (10 events):
Event: 6513.080 GC heap before
{Heap before GC invocations=4761 (full 693):
 par new generation   total 118016K, used 106113K [0x04800000, 0x0c800000, 0x0c800000)
  eden space 104960K, 100% used [0x04800000, 0x0ae80000, 0x0ae80000)
  from space 13056K,   8% used [0x0ae80000, 0x0afa0548, 0x0bb40000)
  to   space 13056K,   0% used [0x0bb40000, 0x0bb40000, 0x0c800000)
 concurrent mark-sweep generation total 393216K, used 378215K [0x0c800000, 0x24800000, 0x24800000)
 Metaspace       used 53200K, capacity 62872K, committed 62976K, reserved 63872K
Event: 6513.084 GC heap after
Heap after GC invocations=4762 (full 693):
 par new generation   total 118016K, used 1087K [0x04800000, 0x0c800000, 0x0c800000)
  eden space 104960K,   0% used [0x04800000, 0x04800000, 0x0ae80000)
  from space 13056K,   8% used [0x0bb40000, 0x0bc4fef0, 0x0c800000)
  to   space 13056K,   0% used [0x0ae80000, 0x0ae80000, 0x0bb40000)
 concurrent mark-sweep generation total 393216K, used 378215K [0x0c800000, 0x24800000, 0x24800000)
 Metaspace       used 53200K, capacity 62872K, committed 62976K, reserved 63872K
}
Event: 6516.801 GC heap before
{Heap before GC invocations=4762 (full 693):
 par new generation   total 118016K, used 106047K [0x04800000, 0x0c800000, 0x0c800000)
  eden space 104960K, 100% used [0x04800000, 0x0ae80000, 0x0ae80000)
  from space 13056K,   8% used [0x0bb40000, 0x0bc4fef0, 0x0c800000)
  to   space 13056K,   0% used [0x0ae80000, 0x0ae80000, 0x0bb40000)
 concurrent mark-sweep generation total 393216K, used 378215K [0x0c800000, 0x24800000, 0x24800000)
 Metaspace       used 53200K, capacity 62872K, committed 62976K, reserved 63872K
Event: 6516.806 GC heap after
Heap after GC invocations=4763 (full 693):
 par new generation   total 118016K, used 1218K [0x04800000, 0x0c800000, 0x0c800000)
  eden space 104960K,   0% used [0x04800000, 0x04800000, 0x0ae80000)
  from space 13056K,   9% used [0x0ae80000, 0x0afb0b90, 0x0bb40000)
  to   space 13056K,   0% used [0x0bb40000, 0x0bb40000, 0x0c800000)
 concurrent mark-sweep generation total 393216K, used 378215K [0x0c800000, 0x24800000, 0x24800000)
 Metaspace       used 53200K, capacity 62872K, committed 62976K, reserved 63872K
}
Event: 6520.807 GC heap before
{Heap before GC invocations=4763 (full 693):
 par new generation   total 118016K, used 106178K [0x04800000, 0x0c800000, 0x0c800000)
  eden space 104960K, 100% used [0x04800000, 0x0ae80000, 0x0ae80000)
  from space 13056K,   9% used [0x0ae80000, 0x0afb0b90, 0x0bb40000)
  to   space 13056K,   0% used [0x0bb40000, 0x0bb40000, 0x0c800000)
 concurrent mark-sweep generation total 393216K, used 378215K [0x0c800000, 0x24800000, 0x24800000)
 Metaspace       used 53200K, capacity 62872K, committed 62976K, reserved 63872K
Event: 6520.814 GC heap after
Heap after GC invocations=4764 (full 693):
 par new generation   total 118016K, used 1316K [0x04800000, 0x0c800000, 0x0c800000)
  eden space 104960K,   0% used [0x04800000, 0x04800000, 0x0ae80000)
  from space 13056K,  10% used [0x0bb40000, 0x0bc892e0, 0x0c800000)
  to   space 13056K,   0% used [0x0ae80000, 0x0ae80000, 0x0bb40000)
 concurrent mark-sweep generation total 393216K, used 378215K [0x0c800000, 0x24800000, 0x24800000)
 Metaspace       used 53200K, capacity 62872K, committed 62976K, reserved 63872K
}
Event: 6524.867 GC heap before
{Heap before GC invocations=4764 (full 693):
 par new generation   total 118016K, used 106276K [0x04800000, 0x0c800000, 0x0c800000)
  eden space 104960K, 100% used [0x04800000, 0x0ae80000, 0x0ae80000)
  from space 13056K,  10% used [0x0bb40000, 0x0bc892e0, 0x0c800000)
  to   space 13056K,   0% used [0x0ae80000, 0x0ae80000, 0x0bb40000)
 concurrent mark-sweep generation total 393216K, used 378215K [0x0c800000, 0x24800000, 0x24800000)
 Metaspace       used 53200K, capacity 62872K, committed 62976K, reserved 63872K
Event: 6524.874 GC heap after
Heap after GC invocations=4765 (full 693):
 par new generation   total 118016K, used 1211K [0x04800000, 0x0c800000, 0x0c800000)
  eden space 104960K,   0% used [0x04800000, 0x04800000, 0x0ae80000)
  from space 13056K,   9% used [0x0ae80000, 0x0afaec10, 0x0bb40000)
  to   space 13056K,   0% used [0x0bb40000, 0x0bb40000, 0x0c800000)
 concurrent mark-sweep generation total 393216K, used 378215K [0x0c800000, 0x24800000, 0x24800000)
 Metaspace       used 53200K, capacity 62872K, committed 62976K, reserved 63872K
}
Event: 6528.715 GC heap before
{Heap before GC invocations=4765 (full 693):
 par new generation   total 118016K, used 106171K [0x04800000, 0x0c800000, 0x0c800000)
  eden space 104960K, 100% used [0x04800000, 0x0ae80000, 0x0ae80000)
  from space 13056K,   9% used [0x0ae80000, 0x0afaec10, 0x0bb40000)
  to   space 13056K,   0% used [0x0bb40000, 0x0bb40000, 0x0c800000)
 concurrent mark-sweep generation total 393216K, used 378215K [0x0c800000, 0x24800000, 0x24800000)
 Metaspace       used 53200K, capacity 62872K, committed 62976K, reserved 63872K
Event: 6528.718 GC heap after
Heap after GC invocations=4766 (full 693):
 par new generation   total 118016K, used 1311K [0x04800000, 0x0c800000, 0x0c800000)
  eden space 104960K,   0% used [0x04800000, 0x04800000, 0x0ae80000)
  from space 13056K,  10% used [0x0bb40000, 0x0bc87f68, 0x0c800000)
  to   space 13056K,   0% used [0x0ae80000, 0x0ae80000, 0x0bb40000)
 concurrent mark-sweep generation total 393216K, used 378215K [0x0c800000, 0x24800000, 0x24800000)
 Metaspace       used 53200K, capacity 62872K, committed 62976K, reserved 63872K
}

Deoptimization events (0 events):
No events

Classes redefined (0 events):
No events

Internal exceptions (10 events):
Event: 6121.378 Thread 0x332a2c00 Exception <a 'sun/nio/fs/WindowsException'> (0x07009470) thrown at [C:\jenkins\workspace\8-2-build-windows-i586-cygwin\jdk8u271\605\hotspot\src\share\vm\prims\jni.cpp, line 710]
Event: 6121.381 Thread 0x332a2c00 Exception <a 'sun/nio/fs/WindowsException'> (0x070fad80) thrown at [C:\jenkins\workspace\8-2-build-windows-i586-cygwin\jdk8u271\605\hotspot\src\share\vm\prims\jni.cpp, line 710]
Event: 6121.383 Thread 0x274a6400 Exception <a 'sun/nio/fs/WindowsException'> (0x07063d48) thrown at [C:\jenkins\workspace\8-2-build-windows-i586-cygwin\jdk8u271\605\hotspot\src\share\vm\prims\jni.cpp, line 710]
Event: 6121.391 Thread 0x274a6400 Exception <a 'sun/nio/fs/WindowsException'> (0x07070160) thrown at [C:\jenkins\workspace\8-2-build-windows-i586-cygwin\jdk8u271\605\hotspot\src\share\vm\prims\jni.cpp, line 710]
Event: 6121.394 Thread 0x274a6400 Exception <a 'sun/nio/fs/WindowsException'> (0x07070840) thrown at [C:\jenkins\workspace\8-2-build-windows-i586-cygwin\jdk8u271\605\hotspot\src\share\vm\prims\jni.cpp, line 710]
Event: 6121.394 Thread 0x274a6400 Exception <a 'sun/nio/fs/WindowsException'> (0x07070a80) thrown at [C:\jenkins\workspace\8-2-build-windows-i586-cygwin\jdk8u271\605\hotspot\src\share\vm\prims\jni.cpp, line 710]
Event: 6121.395 Thread 0x274a6400 Exception <a 'sun/nio/fs/WindowsException'> (0x07071038) thrown at [C:\jenkins\workspace\8-2-build-windows-i586-cygwin\jdk8u271\605\hotspot\src\share\vm\prims\jni.cpp, line 710]
Event: 6121.396 Thread 0x274a6400 Exception <a 'sun/nio/fs/WindowsException'> (0x07071e80) thrown at [C:\jenkins\workspace\8-2-build-windows-i586-cygwin\jdk8u271\605\hotspot\src\share\vm\prims\jni.cpp, line 710]
Event: 6357.643 Thread 0x274a0000 Exception <a 'sun/nio/fs/WindowsException'> (0x06dba1c0) thrown at [C:\jenkins\workspace\8-2-build-windows-i586-cygwin\jdk8u271\605\hotspot\src\share\vm\prims\jni.cpp, line 710]
Event: 6357.645 Thread 0x332a0000 Exception <a 'sun/nio/fs/WindowsException'> (0x06dddfe8) thrown at [C:\jenkins\workspace\8-2-build-windows-i586-cygwin\jdk8u271\605\hotspot\src\share\vm\prims\jni.cpp, line 710]

Events (10 events):
Event: 6531.148 Thread 0x25e1b000 flushing nmethod 0x02836488
Event: 6531.972 Thread 0x25e1b000 flushing nmethod 0x0266f948
Event: 6531.973 Thread 0x25e1b000 flushing nmethod 0x02691388
Event: 6531.973 Thread 0x25e1b000 flushing nmethod 0x026aa088
Event: 6531.973 Thread 0x25e1b000 flushing nmethod 0x026b3b88
Event: 6532.142 Thread 0x25e1b000 flushing nmethod 0x02746948
Event: 6532.142 Thread 0x25e1b000 flushing nmethod 0x027a36c8
Event: 6532.142 Thread 0x25e1b000 flushing nmethod 0x027abd08
Event: 6532.143 Thread 0x25e1b000 flushing nmethod 0x028a7448
Event: 6532.313 Thread 0x25e1b000 flushing nmethod 0x02a319c8


Dynamic libraries:
0x00650000 - 0x0068f000 	C:\Program Files (x86)\Java\jre1.8.0_271\bin\javaw.exe
0x777e0000 - 0x77983000 	C:\WINDOWS\SYSTEM32\ntdll.dll
0x76b20000 - 0x76c10000 	C:\WINDOWS\System32\KERNEL32.DLL
0x76db0000 - 0x76fc4000 	C:\WINDOWS\System32\KERNELBASE.dll
0x6a3c0000 - 0x6a45f000 	C:\WINDOWS\SYSTEM32\apphelp.dll
0x67a30000 - 0x67cb4000 	C:\WINDOWS\SYSTEM32\AcLayers.DLL
0x76fd0000 - 0x7708f000 	C:\WINDOWS\System32\msvcrt.dll
0x76970000 - 0x76b06000 	C:\WINDOWS\System32\USER32.dll
0x77580000 - 0x77598000 	C:\WINDOWS\System32\win32u.dll
0x77090000 - 0x770b3000 	C:\WINDOWS\System32\GDI32.dll
0x77450000 - 0x7752c000 	C:\WINDOWS\System32\gdi32full.dll
0x76400000 - 0x7647b000 	C:\WINDOWS\System32\msvcp_win.dll
0x77140000 - 0x77260000 	C:\WINDOWS\System32\ucrtbase.dll
0x75cf0000 - 0x762a3000 	C:\WINDOWS\System32\SHELL32.dll
0x76c10000 - 0x76c55000 	C:\WINDOWS\System32\SHLWAPI.dll
0x76d10000 - 0x76da6000 	C:\WINDOWS\System32\OLEAUT32.dll
0x759d0000 - 0x75c51000 	C:\WINDOWS\System32\combase.dll
0x75910000 - 0x759d0000 	C:\WINDOWS\System32\RPCRT4.dll
0x764a0000 - 0x768d5000 	C:\WINDOWS\System32\SETUPAPI.dll
0x763c0000 - 0x763fb000 	C:\WINDOWS\System32\cfgmgr32.dll
0x76480000 - 0x76499000 	C:\WINDOWS\System32\bcrypt.dll
0x67a10000 - 0x67a29000 	C:\WINDOWS\SYSTEM32\MPR.dll
0x005d0000 - 0x005d3000 	C:\WINDOWS\SYSTEM32\sfc.dll
0x6da80000 - 0x6daed000 	C:\WINDOWS\SYSTEM32\WINSPOOL.DRV
0x67a00000 - 0x67a0f000 	C:\WINDOWS\SYSTEM32\sfc_os.DLL
0x762b0000 - 0x762d5000 	C:\WINDOWS\System32\IMM32.DLL
0x77660000 - 0x776da000 	C:\WINDOWS\System32\ADVAPI32.dll
0x770c0000 - 0x77135000 	C:\WINDOWS\System32\sechost.dll
0x659a0000 - 0x65bb0000 	C:\WINDOWS\WinSxS\x86_microsoft.windows.common-controls_6595b64144ccf1df_6.0.19041.844_none_11adecdf30011423\COMCTL32.dll
0x6b300000 - 0x6b313000 	C:\Program Files (x86)\Java\jre1.8.0_271\bin\vcruntime140.dll
0x6b1e0000 - 0x6b24f000 	C:\Program Files (x86)\Java\jre1.8.0_271\bin\msvcp140.dll
0x7a9f0000 - 0x7adcf000 	C:\Program Files (x86)\Java\jre1.8.0_271\bin\client\jvm.dll
0x76b10000 - 0x76b16000 	C:\WINDOWS\System32\PSAPI.DLL
0x6b340000 - 0x6b348000 	C:\WINDOWS\SYSTEM32\WSOCK32.dll
0x756b0000 - 0x75713000 	C:\WINDOWS\System32\WS2_32.dll
0x6d9e0000 - 0x6da08000 	C:\WINDOWS\SYSTEM32\WINMM.dll
0x75580000 - 0x75588000 	C:\WINDOWS\SYSTEM32\VERSION.dll
0x75590000 - 0x7559f000 	C:\WINDOWS\SYSTEM32\kernel.appcore.dll
0x6b1d0000 - 0x6b1dd000 	C:\Program Files (x86)\Java\jre1.8.0_271\bin\verify.dll
0x6b1a0000 - 0x6b1c4000 	C:\Program Files (x86)\Java\jre1.8.0_271\bin\java.dll
0x6b180000 - 0x6b194000 	C:\Program Files (x86)\Java\jre1.8.0_271\bin\zip.dll
0x732e0000 - 0x738e9000 	C:\WINDOWS\SYSTEM32\windows.storage.dll
0x732b0000 - 0x732d4000 	C:\WINDOWS\SYSTEM32\Wldp.dll
0x768e0000 - 0x76967000 	C:\WINDOWS\System32\SHCORE.dll
0x703a0000 - 0x703b8000 	C:\WINDOWS\SYSTEM32\profapi.dll
0x7bd70000 - 0x7bd7c000 	C:\Program Files (x86)\Java\jre1.8.0_271\bin\management.dll
0x6b130000 - 0x6b147000 	C:\Program Files (x86)\Java\jre1.8.0_271\bin\net.dll
0x715c0000 - 0x71612000 	C:\WINDOWS\system32\mswsock.dll
0x70350000 - 0x70361000 	C:\WINDOWS\system32\napinsp.dll
0x70330000 - 0x70346000 	C:\WINDOWS\system32\pnrpnsp.dll
0x70320000 - 0x70330000 	C:\WINDOWS\system32\wshbth.dll
0x70300000 - 0x70316000 	C:\WINDOWS\system32\NLAapi.dll
0x70430000 - 0x70462000 	C:\WINDOWS\SYSTEM32\IPHLPAPI.DLL
0x70470000 - 0x70502000 	C:\WINDOWS\SYSTEM32\DNSAPI.dll
0x756a0000 - 0x756a7000 	C:\WINDOWS\System32\NSI.dll
0x702f0000 - 0x702fe000 	C:\WINDOWS\System32\winrnr.dll
0x70420000 - 0x70428000 	C:\Windows\System32\rasadhlp.dll
0x703c0000 - 0x70418000 	C:\WINDOWS\System32\fwpuclnt.dll
0x6b120000 - 0x6b12f000 	C:\Program Files (x86)\Java\jre1.8.0_271\bin\nio.dll
0x73200000 - 0x73213000 	C:\WINDOWS\SYSTEM32\CRYPTSP.dll
0x731d0000 - 0x731ff000 	C:\WINDOWS\system32\rsaenh.dll
0x6ed00000 - 0x6ed25000 	C:\WINDOWS\SYSTEM32\USERENV.dll
0x77600000 - 0x7765f000 	C:\WINDOWS\System32\bcryptprimitives.dll
0x72690000 - 0x7269a000 	C:\WINDOWS\SYSTEM32\CRYPTBASE.dll
0x6ede0000 - 0x6edf4000 	C:\WINDOWS\SYSTEM32\dhcpcsvc6.DLL
0x6ee30000 - 0x6ee46000 	C:\WINDOWS\SYSTEM32\dhcpcsvc.DLL
0x6b150000 - 0x6b173000 	C:\Program Files (x86)\Java\jre1.8.0_271\bin\sunec.dll
0x7bd50000 - 0x7bd5b000 	C:\Program Files (x86)\Java\jre1.8.0_271\bin\sunmscapi.dll
0x75800000 - 0x75901000 	C:\WINDOWS\System32\CRYPT32.dll
0x640a0000 - 0x640c1000 	C:\WINDOWS\SYSTEM32\ncrypt.dll
0x639b0000 - 0x639d8000 	C:\WINDOWS\SYSTEM32\NTASN1.dll
0x7bd80000 - 0x7bded000 	C:\Users\st-do\AppData\Roaming\.minecraft\versions\fabric-loader-0.11.6-1.16.5\fabric-loader-0.11.6-1.16.5-natives-18821786476100\lwjgl32.dll
0x7bdf0000 - 0x7be48000 	C:\Users\st-do\AppData\Roaming\.minecraft\versions\fabric-loader-0.11.6-1.16.5\fabric-loader-0.11.6-1.16.5-natives-18821786476100\glfw32.dll
0x7be50000 - 0x7be8e000 	C:\Users\st-do\AppData\Roaming\.minecraft\versions\fabric-loader-0.11.6-1.16.5\fabric-loader-0.11.6-1.16.5-natives-18821786476100\jemalloc32.dll
0x6dbd0000 - 0x6dc44000 	C:\WINDOWS\system32\uxtheme.dll
0x7be90000 - 0x7bec7000 	C:\WINDOWS\SYSTEM32\dinput8.dll
0x7bed0000 - 0x7bedd000 	C:\WINDOWS\SYSTEM32\xinput1_4.dll
0x6ee00000 - 0x6ee24000 	C:\WINDOWS\SYSTEM32\DEVOBJ.dll
0x65970000 - 0x65996000 	C:\WINDOWS\SYSTEM32\dwmapi.dll
0x55cd0000 - 0x55dbd000 	C:\WINDOWS\SYSTEM32\inputhost.dll
0x67060000 - 0x670fb000 	C:\WINDOWS\SYSTEM32\CoreMessaging.dll
0x73100000 - 0x731c2000 	C:\WINDOWS\SYSTEM32\PROPSYS.dll
0x6e880000 - 0x6e95b000 	C:\WINDOWS\SYSTEM32\wintypes.dll
0x67100000 - 0x6737e000 	C:\WINDOWS\SYSTEM32\CoreUIComponents.dll
0x70370000 - 0x70399000 	C:\WINDOWS\SYSTEM32\ntmarta.dll
0x762e0000 - 0x763b4000 	C:\WINDOWS\System32\MSCTF.dll
0x6d2b0000 - 0x6d2ba000 	C:\WINDOWS\SYSTEM32\HID.DLL
0x77530000 - 0x77577000 	C:\WINDOWS\System32\WINTRUST.dll
0x6ee70000 - 0x6ee7e000 	C:\WINDOWS\SYSTEM32\MSASN1.dll
0x7af20000 - 0x7b024000 	C:\WINDOWS\SYSTEM32\opengl32.dll
0x6a4a0000 - 0x6a4df000 	C:\WINDOWS\SYSTEM32\GLU32.dll
0x773d0000 - 0x7744e000 	C:\WINDOWS\System32\clbcatq.dll
0x78c10000 - 0x795fb000 	C:\WINDOWS\SYSTEM32\ig8icd32.dll
0x52170000 - 0x52a3a000 	C:\WINDOWS\SYSTEM32\igdusc32.dll
0x6d6c0000 - 0x6d6cf000 	C:\WINDOWS\SYSTEM32\WTSAPI32.dll
0x52140000 - 0x5216c000 	C:\WINDOWS\SYSTEM32\dxcore.dll
0x702a0000 - 0x702e4000 	C:\WINDOWS\SYSTEM32\powrprof.dll
0x70290000 - 0x7029d000 	C:\WINDOWS\SYSTEM32\UMPDC.dll
0x63a90000 - 0x63b53000 	C:\WINDOWS\SYSTEM32\dxgi.dll
0x63b60000 - 0x63d40000 	C:\WINDOWS\SYSTEM32\d3d11.dll
0x52a40000 - 0x53673000 	C:\WINDOWS\SYSTEM32\igd10iumd32.dll
0x67380000 - 0x67439000 	C:\WINDOWS\SYSTEM32\textinputframework.dll
0x7bee0000 - 0x7bf33000 	C:\Users\st-do\AppData\Roaming\.minecraft\versions\fabric-loader-0.11.6-1.16.5\fabric-loader-0.11.6-1.16.5-natives-18821786476100\lwjgl_opengl32.dll
0x7bf40000 - 0x7bfb1000 	C:\Users\st-do\AppData\Roaming\.minecraft\versions\fabric-loader-0.11.6-1.16.5\fabric-loader-0.11.6-1.16.5-natives-18821786476100\lwjgl_stb32.dll
0x540b0000 - 0x54143000 	C:\WINDOWS\SYSTEM32\mscms.dll
0x5c310000 - 0x5c31c000 	C:\WINDOWS\SYSTEM32\ColorAdapterClient.dll
0x7bfc0000 - 0x7bffe000 	C:\WINDOWS\SYSTEM32\icm32.dll
0x7c000000 - 0x7c038000 	C:\Users\st-do\AppData\Local\Temp\jna-109707127\jna3453431086184271126.dll
0x7c040000 - 0x7c057000 	C:\Users\st-do\AppData\Roaming\.minecraft\versions\fabric-loader-0.11.6-1.16.5\fabric-loader-0.11.6-1.16.5-natives-18821786476100\SAPIWrapper_x86.dll
0x776e0000 - 0x777c3000 	C:\WINDOWS\System32\ole32.dll
0x7c060000 - 0x7c1a1000 	C:\WINDOWS\System32\Speech\Common\sapi.dll
0x7c1b0000 - 0x7c1c9000 	C:\WINDOWS\SYSTEM32\MSACM32.dll
0x78a80000 - 0x78a89000 	C:\WINDOWS\SYSTEM32\msdmo.dll
0x7c1d0000 - 0x7c1ed000 	C:\WINDOWS\SYSTEM32\winmmbase.dll
0x5bda0000 - 0x5be0b000 	C:\WINDOWS\System32\MMDevApi.dll
0x7add0000 - 0x7af1b000 	C:\Program Files (x86)\Java\jre1.8.0_271\bin\awt.dll
0x7c260000 - 0x7c35f000 	C:\Users\st-do\AppData\Roaming\.minecraft\versions\fabric-loader-0.11.6-1.16.5\fabric-loader-0.11.6-1.16.5-natives-18821786476100\OpenAL32.dll
0x54150000 - 0x54286000 	C:\WINDOWS\SYSTEM32\AUDIOSES.DLL
0x49660000 - 0x4966f000 	C:\WINDOWS\SYSTEM32\resourcepolicyclient.dll
0x7a550000 - 0x7a5e4000 	C:\WINDOWS\SYSTEM32\TextShaping.dll
0x6ab90000 - 0x6ad18000 	C:\WINDOWS\SYSTEM32\dbghelp.dll

VM Arguments:
jvm_args: -Xmx512M -XX:+UseConcMarkSweepGC -XX:+CMSIncrementalMode -XX:-UseAdaptiveSizePolicy -Xmn128M -XX:HeapDumpPath=MojangTricksIntelDriversForPerformance_javaw.exe_minecraft.exe.heapdump -Xss1M -Djava.library.path=C:\Users\st-do\AppData\Roaming\.minecraft\versions\fabric-loader-0.11.6-1.16.5\fabric-loader-0.11.6-1.16.5-natives-18821786476100 -Dminecraft.launcher.brand=java-minecraft-launcher -Dminecraft.launcher.version=unknown 
java_command: net.fabricmc.loader.launch.knot.KnotClient --username spilol2 --version fabric-loader-0.11.6-1.16.5 --gameDir C:\Users\st-do\AppData\Roaming\.minecraft --assetsDir C:\Users\st-do\AppData\Roaming\.minecraft\assets --assetIndex 1.16 --uuid 86ad932893823dc2b667c79e8775153a --accessToken 1337535510N --userType legacy --versionType release
java_class_path (initial): C:\Users\st-do\AppData\Roaming\.minecraft\libraries\net\fabricmc\tiny-mappings-parser\0.2.2.14\tiny-mappings-parser-0.2.2.14.jar;C:\Users\st-do\AppData\Roaming\.minecraft\libraries\net\fabricmc\sponge-mixin\0.9.4+mixin.0.8.2\sponge-mixin-0.9.4+mixin.0.8.2.jar;C:\Users\st-do\AppData\Roaming\.minecraft\libraries\net\fabricmc\tiny-remapper\0.4.2\tiny-remapper-0.4.2.jar;C:\Users\st-do\AppData\Roaming\.minecraft\libraries\net\fabricmc\access-widener\1.0.0\access-widener-1.0.0.jar;C:\Users\st-do\AppData\Roaming\.minecraft\libraries\net\fabricmc\fabric-loader-sat4j\2.3.5.4\fabric-loader-sat4j-2.3.5.4.jar;C:\Users\st-do\AppData\Roaming\.minecraft\libraries\com\google\jimfs\jimfs\1.2-fabric\jimfs-1.2-fabric.jar;C:\Users\st-do\AppData\Roaming\.minecraft\libraries\org\ow2\asm\asm\9.1\asm-9.1.jar;C:\Users\st-do\AppData\Roaming\.minecraft\libraries\org\ow2\asm\asm-analysis\9.1\asm-analysis-9.1.jar;C:\Users\st-do\AppData\Roaming\.minecraft\libraries\org\ow2\asm\asm-commons\9.1\asm-commons-9.1.jar;C:\Users\st-do\AppData\Roaming\.minecraft\libraries\org\ow2\asm\asm-tree\9.1\asm-tree-9.1.jar;C:\Users\st-do\AppData\Roaming\.minecraft\libraries\org\ow2\asm\asm-util\9.1\asm-util-9.1.jar;C:\Users\st-do\AppData\Roaming\.minecraft\libraries\net\fabricmc\intermediary\1.16.5\intermediary-1.16.5.jar;C:\Users\st-do\AppData\Roaming\.minecraft\libraries\net\fabricmc\fabric-loader\0.11.6\fabric-loader-0.11.6.jar;C:\Users\st-do\AppData\Roaming\.minecraft\libraries\oshi-project\oshi-core\1.1\oshi-core-1.1.jar;C:\Users\st-do\AppData\Roaming\.minecraft\libraries\net\java\dev\jna\jna\4.4.0\jna-4.4.0.jar;C:\Users\st-do\AppData\Roaming\.minecraft\libraries\net\java\dev\jna\platform\3.4.0\platform-3.4.0.jar;C:\Users\st-do\AppData\Roaming\.minecraft\libraries\com\ibm\icu\icu4j\66.1\icu4j-66.1.jar;C:\Users\st-do\AppData\Roaming\.minecraft\libraries\com\mojang\javabridge\1.0.22\javabridge-1.0.22.jar;C:\Users\st-do\AppData\Roaming\.minecraft\libraries\net\sf\jopt-simple\jopt-sim
Launcher Type: SUN_STANDARD

Environment Variables:
PATH=C:\Program Files (x86)\Common Files\Oracle\Java\javapath;C:\WINDOWS\system32;C:\WINDOWS;C:\WINDOWS\System32\Wbem;C:\WINDOWS\System32\WindowsPowerShell\v1.0\;C:\WINDOWS\System32\OpenSSH\;C:\Program Files\Intel\WiFi\bin\;C:\Program Files\Common Files\Intel\WirelessCommon\;C:\Program Files (x86)\GtkSharp\2.12\bin;C:\Program Files\dotnet\;C:\Program Files\Microsoft SQL Server\130\Tools\Binn\;C:\Users\st-do\AppData\Local\Programs\Python\Launcher\;C:\Users\st-do\AppData\Local\Microsoft\WindowsApps;;C:\Program Files (x86)\Java\jre1.8.0_271\bin
USERNAME=st-do
OS=Windows_NT
PROCESSOR_IDENTIFIER=Intel64 Family 6 Model 61 Stepping 4, GenuineIntel



---------------  S Y S T E M  ---------------

OS: Windows 10.0 , 64 bit Build 19041 (10.0.19041.1023)

CPU:total 4 (initial active 4) (2 cores per cpu, 2 threads per core) family 6 model 61 stepping 4, cmov, cx8, fxsr, mmx, sse, sse2, sse3, ssse3, sse4.1, sse4.2, popcnt, avx, avx2, aes, clmul, erms, 3dnowpref, lzcnt, ht, tsc, tscinvbit, bmi1, bmi2, adx

Memory: 4k page, physical 8296644k(3331508k free), swap 17209540k(9494672k free)

vm_info: Java HotSpot(TM) Client VM (25.271-b09) for windows-x86 JRE (1.8.0_271-b09), built on Sep 17 2020 01:51:12 by "" with MS VC++ 15.9 (VS2017)

time: Mon Jun 21 16:33:54 2021
timezone: GTB Daylight Time
elapsed time: 6532.721384 seconds (0d 1h 48m 52s)

