#
# A fatal error has been detected by the Java Runtime Environment:
#
#  EXCEPTION_ACCESS_VIOLATION (0xc0000005) at pc=0x58933561, pid=27320, tid=0x00005bc8
#
# JRE version: Java(TM) SE Runtime Environment (8.0_271-b09) (build 1.8.0_271-b09)
# Java VM: Java HotSpot(TM) Client VM (25.271-b09 mixed mode windows-x86 )
# Problematic frame:
# C  [ig8icd32.dll+0x1e3561]
#
# Failed to write core dump. Minidumps are not enabled by default on client versions of Windows
#
# If you would like to submit a bug report, please visit:
#   http://bugreport.java.com/bugreport/crash.jsp
# The crash happened outside the Java Virtual Machine in native code.
# See problematic frame for where to report the bug.
#

---------------  T H R E A D  ---------------

Current thread (0x00660c00):  JavaThread "Render thread" [_thread_in_native, id=23496, stack(0x00b80000,0x00c80000)]

siginfo: ExceptionCode=0xc0000005, writing address 0x00000004

Registers:
EAX=0x00000000, EBX=0x00c7c0d4, ECX=0x00216000, EDX=0x00000004
ESP=0x00c7ac80, EBP=0x00c7ac80, ESI=0x28ba1040, EDI=0x00000000
EIP=0x58933561, EFLAGS=0x00010206

Top of Stack: (sp=0x00c7ac80)
0x00c7ac80:   00c7c0c0 58929d89 00000000 00000004
0x00c7ac90:   28ba1040 28bbe040 00000003 00000000
0x00c7aca0:   78490001 00000004 00000000 78490001
0x00c7acb0:   00000005 00000000 78490001 00000006
0x00c7acc0:   00000000 00000000 00000000 00000008
0x00c7acd0:   000028b8 00000000 5892f453 00000000
0x00c7ace0:   00000000 00000008 00000000 280fd718
0x00c7acf0:   49a3fba0 00000000 00000000 00000000 

Instructions: (pc=0x58933561)
0x58933541:   8b ec a1 f0 8d 07 59 8b c8 8b 45 08 81 e1 ff df
0x58933551:   ff 03 8b 55 0c c1 e0 1a 0b c8 81 c9 00 20 00 00
0x58933561:   89 0a 5d c3 cc cc cc cc cc cc cc cc cc cc cc 55
0x58933571:   8b ec 8b 4d 08 33 c0 66 89 41 04 0f b7 c0 0d 00 


Register to memory mapping:

EAX=0x00000000 is an unknown value
EBX=0x00c7c0d4 is pointing into the stack for thread: 0x00660c00
ECX=0x00216000 is an unknown value
EDX=0x00000004 is an unknown value
ESP=0x00c7ac80 is pointing into the stack for thread: 0x00660c00
EBP=0x00c7ac80 is pointing into the stack for thread: 0x00660c00
ESI=0x28ba1040 is an unknown value
EDI=0x00000000 is an unknown value


Stack: [0x00b80000,0x00c80000],  sp=0x00c7ac80,  free space=1003k
Native frames: (J=compiled Java code, j=interpreted, Vv=VM code, C=native code)
C  [ig8icd32.dll+0x1e3561]
C  [ig8icd32.dll+0x1d9d89]
C  [ig8icd32.dll+0x20c087]
C  [ig8icd32.dll+0x2b95ca]
C  [ig8icd32.dll+0x2b92c8]
C  [ig8icd32.dll+0x4e279a]
C  [ig8icd32.dll+0x4e285f]
C  [ig8icd32.dll+0x4e2fe3]
C  [opengl32.dll+0x360f5]
C  [lwjgl_opengl32.dll+0xc4fd]
J 4286 C1 dem.f(III)V (75 bytes) @ 0x0275a834 [0x0275a7a0+0x94]
J 49556 C1 dfp.draw(I)V (62 bytes) @ 0x02a668e8 [0x02a66880+0x68]
J 28621 C1 eae.a(Leao;Ldfm;DDD)V (1044 bytes) @ 0x02a9ba80 [0x02a9af40+0xb40]
J 28620 C1 eae.a(Ldfm;FJZLdjk;Ldzz;Leaf;Lb;)V (3860 bytes) @ 0x02a6f8c8 [0x02a6e790+0x1138]
J 17649 C1 dzz.a(FJLdfm;)V (854 bytes) @ 0x026e32c8 [0x026e20f0+0x11d8]
J 14321 C1 dzz.a(FJZ)V (1147 bytes) @ 0x027b1638 [0x027b1170+0x4c8]
J 6210 C1 djz.e(Z)V (946 bytes) @ 0x026380bc [0x02637730+0x98c]
j  djz.e()V+68
j  net.minecraft.client.main.Main.main([Ljava/lang/String;)V+1366
v  ~StubRoutines::call_stub
V  [jvm.dll+0x165e44]
V  [jvm.dll+0x236b5b]
V  [jvm.dll+0x1659ea]
V  [jvm.dll+0x172640]
V  [jvm.dll+0x172a22]
V  [jvm.dll+0x110431]
C  [java.dll+0x36ca]
j  sun.reflect.NativeMethodAccessorImpl.invoke(Ljava/lang/Object;[Ljava/lang/Object;)Ljava/lang/Object;+100
j  sun.reflect.DelegatingMethodAccessorImpl.invoke(Ljava/lang/Object;[Ljava/lang/Object;)Ljava/lang/Object;+6
j  java.lang.reflect.Method.invoke(Ljava/lang/Object;[Ljava/lang/Object;)Ljava/lang/Object;+56
j  net.minecraft.launchwrapper.Launch.launch([Ljava/lang/String;)V+661
j  net.minecraft.launchwrapper.Launch.main([Ljava/lang/String;)V+8
v  ~StubRoutines::call_stub
V  [jvm.dll+0x165e44]
V  [jvm.dll+0x236b5b]
V  [jvm.dll+0x1659ea]
V  [jvm.dll+0xebbc5]
V  [jvm.dll+0xe4446]
C  [javaw.exe+0x2322]

Java frames: (J=compiled Java code, j=interpreted, Vv=VM code)
J 4289  org.lwjgl.opengl.GL11C.glDrawArrays(III)V (0 bytes) @ 0x023d2d28 [0x023d2ce0+0x48]
J 4286 C1 dem.f(III)V (75 bytes) @ 0x0275a834 [0x0275a7a0+0x94]
J 49556 C1 dfp.draw(I)V (62 bytes) @ 0x02a668e8 [0x02a66880+0x68]
J 28621 C1 eae.a(Leao;Ldfm;DDD)V (1044 bytes) @ 0x02a9ba80 [0x02a9af40+0xb40]
J 28620 C1 eae.a(Ldfm;FJZLdjk;Ldzz;Leaf;Lb;)V (3860 bytes) @ 0x02a6f8c8 [0x02a6e790+0x1138]
J 17649 C1 dzz.a(FJLdfm;)V (854 bytes) @ 0x026e32c8 [0x026e20f0+0x11d8]
J 14321 C1 dzz.a(FJZ)V (1147 bytes) @ 0x027b1638 [0x027b1170+0x4c8]
J 6210 C1 djz.e(Z)V (946 bytes) @ 0x026380bc [0x02637730+0x98c]
j  djz.e()V+68
j  net.minecraft.client.main.Main.main([Ljava/lang/String;)V+1366
v  ~StubRoutines::call_stub
j  sun.reflect.NativeMethodAccessorImpl.invoke0(Ljava/lang/reflect/Method;Ljava/lang/Object;[Ljava/lang/Object;)Ljava/lang/Object;+0
j  sun.reflect.NativeMethodAccessorImpl.invoke(Ljava/lang/Object;[Ljava/lang/Object;)Ljava/lang/Object;+100
j  sun.reflect.DelegatingMethodAccessorImpl.invoke(Ljava/lang/Object;[Ljava/lang/Object;)Ljava/lang/Object;+6
j  java.lang.reflect.Method.invoke(Ljava/lang/Object;[Ljava/lang/Object;)Ljava/lang/Object;+56
j  net.minecraft.launchwrapper.Launch.launch([Ljava/lang/String;)V+661
j  net.minecraft.launchwrapper.Launch.main([Ljava/lang/String;)V+8
v  ~StubRoutines::call_stub

---------------  P R O C E S S  ---------------

Java Threads: ( => current thread )
  0x2948e000 JavaThread "Worker-Main-102" daemon [_thread_blocked, id=19620, stack(0x38800000,0x38900000)]
  0x2948d000 JavaThread "Java2D Disposer" daemon [_thread_blocked, id=4644, stack(0x38900000,0x38a00000)]
  0x2948b000 JavaThread "Sound engine" daemon [_thread_blocked, id=28024, stack(0x79230000,0x79330000)]
  0x2948c800 JavaThread "Worker-Main-101" daemon [_thread_blocked, id=7820, stack(0x5f3f0000,0x5f4f0000)]
  0x2948d400 JavaThread "Worker-Main-100" daemon [_thread_blocked, id=25140, stack(0x5f2f0000,0x5f3f0000)]
  0x2948ec00 JavaThread "Netty Client IO #7" daemon [_thread_in_native, id=15988, stack(0x40a00000,0x40b00000)]
  0x29490c00 JavaThread "Netty Client IO #6" daemon [_thread_in_native, id=25416, stack(0x47030000,0x47130000)]
  0x29490000 JavaThread "Netty Client IO #5" daemon [_thread_in_native, id=27836, stack(0x46f30000,0x47030000)]
  0x2948f400 JavaThread "Netty Client IO #4" daemon [_thread_in_native, id=24972, stack(0x46e30000,0x46f30000)]
  0x29490800 JavaThread "Netty Client IO #3" daemon [_thread_in_native, id=4372, stack(0x46c30000,0x46d30000)]
  0x2948b400 JavaThread "Netty Client IO #2" daemon [_thread_in_native, id=26688, stack(0x469c0000,0x46ac0000)]
  0x2948c000 JavaThread "Netty Client IO #1" daemon [_thread_in_native, id=27620, stack(0x464b0000,0x465b0000)]
  0x29491400 JavaThread "Netty Client IO #0" daemon [_thread_in_native, id=27076, stack(0x463b0000,0x464b0000)]
  0x2948fc00 JavaThread "Netty Client IO #0" daemon [_thread_in_native, id=25588, stack(0x462b0000,0x463b0000)]
  0x29263400 JavaThread "ObjectCleanerThread" daemon [_thread_blocked, id=25876, stack(0x461b0000,0x462b0000)]
  0x29263000 JavaThread "Server Pinger #4" daemon [_thread_blocked, id=28172, stack(0x456f0000,0x457f0000)]
  0x29262800 JavaThread "Thread-5" daemon [_thread_in_native, id=28300, stack(0x448e0000,0x449e0000)]
  0x29265000 JavaThread "Server Pinger #3" daemon [_thread_blocked, id=28144, stack(0x44380000,0x44480000)]
  0x29263c00 JavaThread "Server Pinger #2" daemon [_thread_blocked, id=14900, stack(0x40610000,0x40710000)]
  0x29262400 JavaThread "Server Pinger #1" daemon [_thread_blocked, id=1840, stack(0x33500000,0x33600000)]
  0x29261400 JavaThread "Server Pinger #0" daemon [_thread_blocked, id=22140, stack(0x33060000,0x33160000)]
  0x28e6f000 JavaThread "Narrator" [_thread_blocked, id=20460, stack(0x32920000,0x32a20000)]
  0x28868800 JavaThread "Snooper Timer" daemon [_thread_blocked, id=17512, stack(0x2b370000,0x2b470000)]
  0x28868400 JavaThread "Timer hack thread" daemon [_thread_blocked, id=18840, stack(0x2a210000,0x2a310000)]
  0x25855000 JavaThread "Service Thread" daemon [_thread_blocked, id=9044, stack(0x262a0000,0x263a0000)]
  0x25827800 JavaThread "C1 CompilerThread0" daemon [_thread_blocked, id=1268, stack(0x26210000,0x26260000)]
  0x25825c00 JavaThread "Attach Listener" daemon [_thread_blocked, id=10208, stack(0x260d0000,0x261d0000)]
  0x25824800 JavaThread "Signal Dispatcher" daemon [_thread_blocked, id=14964, stack(0x25f90000,0x26090000)]
  0x25824400 JavaThread "Surrogate Locker Thread (Concurrent GC)" daemon [_thread_blocked, id=13864, stack(0x25e50000,0x25f50000)]
  0x25819800 JavaThread "Finalizer" daemon [_thread_blocked, id=16060, stack(0x25bf0000,0x25cf0000)]
  0x25812800 JavaThread "Reference Handler" daemon [_thread_blocked, id=22588, stack(0x25ab0000,0x25bb0000)]
=>0x00660c00 JavaThread "Render thread" [_thread_in_native, id=23496, stack(0x00b80000,0x00c80000)]

Other Threads:
  0x257fc000 VMThread [stack: 0x25a20000,0x25a70000] [id=25688]
  0x25860400 WatcherThread [stack: 0x263e0000,0x26430000] [id=25364]

VM state:not at safepoint (normal execution)

VM Mutex/Monitor currently owned by a thread: None

Heap:
 par new generation   total 118016K, used 109440K [0x04400000, 0x0c400000, 0x0c400000)
  eden space 104960K,  91% used [0x04400000, 0x0a220130, 0x0aa80000)
  from space 13056K, 100% used [0x0b740000, 0x0c400000, 0x0c400000)
  to   space 13056K,   0% used [0x0aa80000, 0x0aa80000, 0x0b740000)
 concurrent mark-sweep generation total 393216K, used 360079K [0x0c400000, 0x24400000, 0x24400000)
 Metaspace       used 47053K, capacity 53757K, committed 53888K, reserved 54656K

Card table byte_map: [0x24400000,0x24510000] byte_map_base: 0x243de000

Marking Bits: (CMSBitMap*) 0x006d1e28
 Bits: [0x245e0000, 0x251e0000)

Mod Union Table: (CMSBitMap*) 0x006d1e88
 Bits: [0x043c0000, 0x043d8000)

Polling page: 0x005f0000

CodeCache: size=32768Kb used=8268Kb max_used=9852Kb free=24499Kb
 bounds [0x02210000, 0x02c10000, 0x04210000]
 total_blobs=5846 nmethods=4961 adapters=814
 compilation: enabled

Compilation events (10 events):
Event: 840.819 Thread 0x25827800 49799             org.apache.logging.log4j.core.util.datetime.FastDatePrinter::appendDigits (31 bytes)
Event: 840.820 Thread 0x25827800 nmethod 49799 0x02a4db88 code [0x02a4dca0, 0x02a4ddb8]
Event: 840.884 Thread 0x25827800 49800             java.util.ArrayList$ArrayListSpliterator::characteristics (4 bytes)
Event: 840.884 Thread 0x25827800 nmethod 49800 0x02793448 code [0x02793540, 0x027935c0]
Event: 840.884 Thread 0x25827800 49801             ant::a (1 bytes)
Event: 840.884 Thread 0x25827800 nmethod 49801 0x027dfcc8 code [0x027dfdc0, 0x027dfe40]
Event: 840.899 Thread 0x25827800 49802             enr$$Lambda$3660/14139402::get$Lambda (12 bytes)
Event: 840.899 Thread 0x25827800 nmethod 49802 0x02a4d908 code [0x02a4da00, 0x02a4db00]
Event: 840.907 Thread 0x25827800 49803             java.lang.StackTraceElement::getClassName (5 bytes)
Event: 840.907 Thread 0x25827800 nmethod 49803 0x02988608 code [0x02988700, 0x02988780]

GC Heap History (10 events):
Event: 830.388 GC heap before
{Heap before GC invocations=826 (full 29):
 par new generation   total 118016K, used 112657K [0x04400000, 0x0c400000, 0x0c400000)
  eden space 104960K, 100% used [0x04400000, 0x0aa80000, 0x0aa80000)
  from space 13056K,  58% used [0x0aa80000, 0x0b204690, 0x0b740000)
  to   space 13056K,   0% used [0x0b740000, 0x0b740000, 0x0c400000)
 concurrent mark-sweep generation total 393216K, used 315816K [0x0c400000, 0x24400000, 0x24400000)
 Metaspace       used 46503K, capacity 53208K, committed 53248K, reserved 53632K
Event: 830.398 GC heap after
Heap after GC invocations=827 (full 29):
 par new generation   total 118016K, used 7087K [0x04400000, 0x0c400000, 0x0c400000)
  eden space 104960K,   0% used [0x04400000, 0x04400000, 0x0aa80000)
  from space 13056K,  54% used [0x0b740000, 0x0be2bcb0, 0x0c400000)
  to   space 13056K,   0% used [0x0aa80000, 0x0aa80000, 0x0b740000)
 concurrent mark-sweep generation total 393216K, used 316057K [0x0c400000, 0x24400000, 0x24400000)
 Metaspace       used 46503K, capacity 53208K, committed 53248K, reserved 53632K
}
Event: 831.350 GC heap before
{Heap before GC invocations=827 (full 29):
 par new generation   total 118016K, used 112047K [0x04400000, 0x0c400000, 0x0c400000)
  eden space 104960K, 100% used [0x04400000, 0x0aa80000, 0x0aa80000)
  from space 13056K,  54% used [0x0b740000, 0x0be2bcb0, 0x0c400000)
  to   space 13056K,   0% used [0x0aa80000, 0x0aa80000, 0x0b740000)
 concurrent mark-sweep generation total 393216K, used 316008K [0x0c400000, 0x24400000, 0x24400000)
 Metaspace       used 46503K, capacity 53208K, committed 53248K, reserved 53632K
Event: 831.364 GC heap after
Heap after GC invocations=828 (full 29):
 par new generation   total 118016K, used 11974K [0x04400000, 0x0c400000, 0x0c400000)
  eden space 104960K,   0% used [0x04400000, 0x04400000, 0x0aa80000)
  from space 13056K,  91% used [0x0aa80000, 0x0b631ad8, 0x0b740000)
  to   space 13056K,   0% used [0x0b740000, 0x0b740000, 0x0c400000)
 concurrent mark-sweep generation total 393216K, used 316701K [0x0c400000, 0x24400000, 0x24400000)
 Metaspace       used 46503K, capacity 53208K, committed 53248K, reserved 53632K
}
Event: 831.765 GC heap before
{Heap before GC invocations=828 (full 29):
 par new generation   total 118016K, used 116934K [0x04400000, 0x0c400000, 0x0c400000)
  eden space 104960K, 100% used [0x04400000, 0x0aa80000, 0x0aa80000)
  from space 13056K,  91% used [0x0aa80000, 0x0b631ad8, 0x0b740000)
  to   space 13056K,   0% used [0x0b740000, 0x0b740000, 0x0c400000)
 concurrent mark-sweep generation total 393216K, used 316665K [0x0c400000, 0x24400000, 0x24400000)
 Metaspace       used 46503K, capacity 53208K, committed 53248K, reserved 53632K
Event: 831.805 GC heap after
Heap after GC invocations=829 (full 29):
 par new generation   total 118016K, used 13056K [0x04400000, 0x0c400000, 0x0c400000)
  eden space 104960K,   0% used [0x04400000, 0x04400000, 0x0aa80000)
  from space 13056K, 100% used [0x0b740000, 0x0c400000, 0x0c400000)
  to   space 13056K,   0% used [0x0aa80000, 0x0aa80000, 0x0b740000)
 concurrent mark-sweep generation total 393216K, used 326878K [0x0c400000, 0x24400000, 0x24400000)
 Metaspace       used 46503K, capacity 53208K, committed 53248K, reserved 53632K
}
Event: 832.229 GC heap before
{Heap before GC invocations=829 (full 29):
 par new generation   total 118016K, used 118016K [0x04400000, 0x0c400000, 0x0c400000)
  eden space 104960K, 100% used [0x04400000, 0x0aa80000, 0x0aa80000)
  from space 13056K, 100% used [0x0b740000, 0x0c400000, 0x0c400000)
  to   space 13056K,   0% used [0x0aa80000, 0x0aa80000, 0x0b740000)
 concurrent mark-sweep generation total 393216K, used 326878K [0x0c400000, 0x24400000, 0x24400000)
 Metaspace       used 46503K, capacity 53208K, committed 53248K, reserved 53632K
Event: 832.271 GC heap after
Heap after GC invocations=830 (full 29):
 par new generation   total 118016K, used 13056K [0x04400000, 0x0c400000, 0x0c400000)
  eden space 104960K,   0% used [0x04400000, 0x04400000, 0x0aa80000)
  from space 13056K, 100% used [0x0aa80000, 0x0b740000, 0x0b740000)
  to   space 13056K,   0% used [0x0b740000, 0x0b740000, 0x0c400000)
 concurrent mark-sweep generation total 393216K, used 342450K [0x0c400000, 0x24400000, 0x24400000)
 Metaspace       used 46503K, capacity 53208K, committed 53248K, reserved 53632K
}
Event: 832.766 GC heap before
{Heap before GC invocations=830 (full 29):
 par new generation   total 118016K, used 118016K [0x04400000, 0x0c400000, 0x0c400000)
  eden space 104960K, 100% used [0x04400000, 0x0aa80000, 0x0aa80000)
  from space 13056K, 100% used [0x0aa80000, 0x0b740000, 0x0b740000)
  to   space 13056K,   0% used [0x0b740000, 0x0b740000, 0x0c400000)
 concurrent mark-sweep generation total 393216K, used 342450K [0x0c400000, 0x24400000, 0x24400000)
 Metaspace       used 46503K, capacity 53208K, committed 53248K, reserved 53632K
Event: 832.816 GC heap after
Heap after GC invocations=831 (full 29):
 par new generation   total 118016K, used 13056K [0x04400000, 0x0c400000, 0x0c400000)
  eden space 104960K,   0% used [0x04400000, 0x04400000, 0x0aa80000)
  from space 13056K, 100% used [0x0b740000, 0x0c400000, 0x0c400000)
  to   space 13056K,   0% used [0x0aa80000, 0x0aa80000, 0x0b740000)
 concurrent mark-sweep generation total 393216K, used 360079K [0x0c400000, 0x24400000, 0x24400000)
 Metaspace       used 46503K, capacity 53208K, committed 53248K, reserved 53632K
}

Deoptimization events (0 events):
No events

Classes redefined (0 events):
No events

Internal exceptions (10 events):
Event: 466.637 Thread 0x2948d000 Exception <a 'java/lang/InterruptedException'> (0x04c625c0) thrown at [C:\jenkins\workspace\8-2-build-windows-i586-cygwin\jdk8u271\605\hotspot\src\share\vm\runtime\objectMonitor.cpp, line 1497]
Event: 466.638 Thread 0x2948d400 Exception <a 'java/lang/InterruptedException'> (0x04c729d0) thrown at [C:\jenkins\workspace\8-2-build-windows-i586-cygwin\jdk8u271\605\hotspot\src\share\vm\runtime\objectMonitor.cpp, line 1686]
Event: 474.067 Thread 0x2948e800 Exception <a 'java/lang/InterruptedException'> (0x0777f268) thrown at [C:\jenkins\workspace\8-2-build-windows-i586-cygwin\jdk8u271\605\hotspot\src\share\vm\runtime\objectMonitor.cpp, line 1497]
Event: 474.067 Thread 0x2948d000 Exception <a 'java/lang/InterruptedException'> (0x0778f678) thrown at [C:\jenkins\workspace\8-2-build-windows-i586-cygwin\jdk8u271\605\hotspot\src\share\vm\runtime\objectMonitor.cpp, line 1686]
Event: 478.111 Thread 0x00660c00 Exception <a 'java/lang/NoSuchMethodError': java.lang.Object.a(Ljava/lang/String;Lob;Lit/unimi/dsi/fastutil/ints/Int2IntFunction;Lafb;)Z> (0x0780b6b8) thrown at [C:\jenkins\workspace\8-2-build-windows-i586-cygwin\jdk8u271\605\hotspot\src\share\vm\interpre
Event: 478.313 Thread 0x00660c00 Exception <a 'java/lang/NoSuchMethodError': java.lang.Object.a(Lafb;Lit/unimi/dsi/fastutil/ints/Int2IntFunction;ILob;I)Z> (0x079d6ad0) thrown at [C:\jenkins\workspace\8-2-build-windows-i586-cygwin\jdk8u271\605\hotspot\src\share\vm\interpreter\linkResolver
Event: 496.748 Thread 0x00660c00 Exception <a 'java/lang/NoSuchMethodError': java.lang.Object.c(Ldku;Lafa;)Ldlu$a;> (0x09144ea0) thrown at [C:\jenkins\workspace\8-2-build-windows-i586-cygwin\jdk8u271\605\hotspot\src\share\vm\interpreter\linkResolver.cpp, line 620]
Event: 496.791 Thread 0x00660c00 Exception <a 'java/lang/NoSuchMethodError': java.lang.Object.lambda$chars$0()Ljava/util/Spliterator$OfInt;> (0x091ae350) thrown at [C:\jenkins\workspace\8-2-build-windows-i586-cygwin\jdk8u271\605\hotspot\src\share\vm\interpreter\linkResolver.cpp, line 620
Event: 501.002 Thread 0x2948b000 Exception <a 'sun/nio/fs/WindowsException'> (0x091b3d98) thrown at [C:\jenkins\workspace\8-2-build-windows-i586-cygwin\jdk8u271\605\hotspot\src\share\vm\prims\jni.cpp, line 710]
Event: 817.753 Thread 0x2948b000 Exception <a 'sun/nio/fs/WindowsException'> (0x069f62c8) thrown at [C:\jenkins\workspace\8-2-build-windows-i586-cygwin\jdk8u271\605\hotspot\src\share\vm\prims\jni.cpp, line 710]

Events (10 events):
Event: 840.125 Thread 0x25827800 flushing nmethod 0x0269d388
Event: 840.125 Thread 0x25827800 flushing nmethod 0x0269d588
Event: 840.125 Thread 0x25827800 flushing nmethod 0x0269d748
Event: 840.126 Thread 0x25827800 flushing nmethod 0x026d3f88
Event: 840.126 Thread 0x25827800 flushing nmethod 0x026d4148
Event: 840.126 Thread 0x25827800 flushing nmethod 0x026d4308
Event: 840.128 Thread 0x25827800 flushing nmethod 0x02792b88
Event: 840.128 Thread 0x25827800 flushing nmethod 0x027977c8
Event: 840.733 loading class net/optifine/GlErrors$GlError
Event: 840.733 loading class net/optifine/GlErrors$GlError done


Dynamic libraries:
0x00dc0000 - 0x00dff000 	C:\Program Files (x86)\Java\jre1.8.0_271\bin\javaw.exe
0x77780000 - 0x77923000 	C:\WINDOWS\SYSTEM32\ntdll.dll
0x75630000 - 0x75720000 	C:\WINDOWS\System32\KERNEL32.DLL
0x76650000 - 0x76864000 	C:\WINDOWS\System32\KERNELBASE.dll
0x68050000 - 0x680ef000 	C:\WINDOWS\SYSTEM32\apphelp.dll
0x67dc0000 - 0x68044000 	C:\WINDOWS\SYSTEM32\AcLayers.DLL
0x75bb0000 - 0x75c6f000 	C:\WINDOWS\System32\msvcrt.dll
0x75e90000 - 0x76026000 	C:\WINDOWS\System32\USER32.dll
0x76030000 - 0x76048000 	C:\WINDOWS\System32\win32u.dll
0x76870000 - 0x76893000 	C:\WINDOWS\System32\GDI32.dll
0x775b0000 - 0x7768c000 	C:\WINDOWS\System32\gdi32full.dll
0x75e10000 - 0x75e8b000 	C:\WINDOWS\System32\msvcp_win.dll
0x76af0000 - 0x76c10000 	C:\WINDOWS\System32\ucrtbase.dll
0x76050000 - 0x76603000 	C:\WINDOWS\System32\SHELL32.dll
0x770c0000 - 0x77105000 	C:\WINDOWS\System32\SHLWAPI.dll
0x77390000 - 0x77426000 	C:\WINDOWS\System32\OLEAUT32.dll
0x75780000 - 0x75a01000 	C:\WINDOWS\System32\combase.dll
0x75c70000 - 0x75d2f000 	C:\WINDOWS\System32\RPCRT4.dll
0x76c10000 - 0x77045000 	C:\WINDOWS\System32\SETUPAPI.dll
0x76610000 - 0x7664b000 	C:\WINDOWS\System32\cfgmgr32.dll
0x77370000 - 0x77389000 	C:\WINDOWS\System32\bcrypt.dll
0x6c890000 - 0x6c8a9000 	C:\WINDOWS\SYSTEM32\MPR.dll
0x004d0000 - 0x004d3000 	C:\WINDOWS\SYSTEM32\sfc.dll
0x6eab0000 - 0x6eb1d000 	C:\WINDOWS\SYSTEM32\WINSPOOL.DRV
0x6c880000 - 0x6c88f000 	C:\WINDOWS\SYSTEM32\sfc_os.DLL
0x75a10000 - 0x75a35000 	C:\WINDOWS\System32\IMM32.DLL
0x76a10000 - 0x76a8a000 	C:\WINDOWS\System32\ADVAPI32.dll
0x77430000 - 0x774a5000 	C:\WINDOWS\System32\sechost.dll
0x69580000 - 0x69790000 	C:\WINDOWS\WinSxS\x86_microsoft.windows.common-controls_6595b64144ccf1df_6.0.19041.1110_none_a8625c1886757984\COMCTL32.dll
0x6c7e0000 - 0x6c7f3000 	C:\Program Files (x86)\Java\jre1.8.0_271\bin\vcruntime140.dll
0x6c1e0000 - 0x6c24f000 	C:\Program Files (x86)\Java\jre1.8.0_271\bin\msvcp140.dll
0x69150000 - 0x6952f000 	C:\Program Files (x86)\Java\jre1.8.0_271\bin\client\jvm.dll
0x772b0000 - 0x772b6000 	C:\WINDOWS\System32\PSAPI.DLL
0x6c8b0000 - 0x6c8b8000 	C:\WINDOWS\SYSTEM32\WSOCK32.dll
0x77050000 - 0x770b3000 	C:\WINDOWS\System32\WS2_32.dll
0x6ea10000 - 0x6ea38000 	C:\WINDOWS\SYSTEM32\WINMM.dll
0x75520000 - 0x75528000 	C:\WINDOWS\SYSTEM32\VERSION.dll
0x75530000 - 0x7553f000 	C:\WINDOWS\SYSTEM32\kernel.appcore.dll
0x6c7d0000 - 0x6c7dd000 	C:\Program Files (x86)\Java\jre1.8.0_271\bin\verify.dll
0x6c170000 - 0x6c194000 	C:\Program Files (x86)\Java\jre1.8.0_271\bin\java.dll
0x6c150000 - 0x6c164000 	C:\Program Files (x86)\Java\jre1.8.0_271\bin\zip.dll
0x73270000 - 0x73879000 	C:\WINDOWS\SYSTEM32\windows.storage.dll
0x73240000 - 0x73264000 	C:\WINDOWS\SYSTEM32\Wldp.dll
0x77220000 - 0x772a7000 	C:\WINDOWS\System32\SHCORE.dll
0x70380000 - 0x70398000 	C:\WINDOWS\SYSTEM32\profapi.dll
0x66fb0000 - 0x66fbc000 	C:\Program Files (x86)\Java\jre1.8.0_271\bin\management.dll
0x6c100000 - 0x6c117000 	C:\Program Files (x86)\Java\jre1.8.0_271\bin\net.dll
0x70d80000 - 0x70dd2000 	C:\WINDOWS\system32\mswsock.dll
0x70330000 - 0x70341000 	C:\WINDOWS\system32\napinsp.dll
0x70310000 - 0x70326000 	C:\WINDOWS\system32\pnrpnsp.dll
0x70300000 - 0x70310000 	C:\WINDOWS\system32\wshbth.dll
0x702e0000 - 0x702f6000 	C:\WINDOWS\system32\NLAapi.dll
0x70410000 - 0x70442000 	C:\WINDOWS\SYSTEM32\IPHLPAPI.DLL
0x70450000 - 0x704e2000 	C:\WINDOWS\SYSTEM32\DNSAPI.dll
0x775a0000 - 0x775a7000 	C:\WINDOWS\System32\NSI.dll
0x702d0000 - 0x702de000 	C:\WINDOWS\System32\winrnr.dll
0x70400000 - 0x70408000 	C:\Windows\System32\rasadhlp.dll
0x703a0000 - 0x703f8000 	C:\WINDOWS\System32\fwpuclnt.dll
0x6c0f0000 - 0x6c0ff000 	C:\Program Files (x86)\Java\jre1.8.0_271\bin\nio.dll
0x73190000 - 0x731a3000 	C:\WINDOWS\SYSTEM32\CRYPTSP.dll
0x73160000 - 0x7318f000 	C:\WINDOWS\system32\rsaenh.dll
0x70210000 - 0x70235000 	C:\WINDOWS\SYSTEM32\USERENV.dll
0x75720000 - 0x7577f000 	C:\WINDOWS\System32\bcryptprimitives.dll
0x73150000 - 0x7315a000 	C:\WINDOWS\SYSTEM32\CRYPTBASE.dll
0x6c120000 - 0x6c143000 	C:\Program Files (x86)\Java\jre1.8.0_271\bin\sunec.dll
0x6f960000 - 0x6f974000 	C:\WINDOWS\SYSTEM32\dhcpcsvc6.DLL
0x6f9b0000 - 0x6f9c6000 	C:\WINDOWS\SYSTEM32\dhcpcsvc.DLL
0x66fd0000 - 0x66fdb000 	C:\Program Files (x86)\Java\jre1.8.0_271\bin\sunmscapi.dll
0x77110000 - 0x77211000 	C:\WINDOWS\System32\CRYPT32.dll
0x6c400000 - 0x6c421000 	C:\WINDOWS\SYSTEM32\ncrypt.dll
0x6c430000 - 0x6c458000 	C:\WINDOWS\SYSTEM32\NTASN1.dll
0x66f40000 - 0x66fad000 	C:\Users\st-do\AppData\Roaming\.minecraft\versions\1.16.5-OptiFine_HD_U_G7\1.16.5-OptiFine_HD_U_G7-natives-166010882762500\lwjgl32.dll
0x66ee0000 - 0x66f38000 	C:\Users\st-do\AppData\Roaming\.minecraft\versions\1.16.5-OptiFine_HD_U_G7\1.16.5-OptiFine_HD_U_G7-natives-166010882762500\glfw32.dll
0x66ea0000 - 0x66ede000 	C:\Users\st-do\AppData\Roaming\.minecraft\versions\1.16.5-OptiFine_HD_U_G7\1.16.5-OptiFine_HD_U_G7-natives-166010882762500\jemalloc32.dll
0x6ebb0000 - 0x6ec24000 	C:\WINDOWS\system32\uxtheme.dll
0x66e60000 - 0x66e97000 	C:\WINDOWS\SYSTEM32\dinput8.dll
0x66e50000 - 0x66e5d000 	C:\WINDOWS\SYSTEM32\xinput1_4.dll
0x6f980000 - 0x6f9a4000 	C:\WINDOWS\SYSTEM32\DEVOBJ.dll
0x67950000 - 0x67976000 	C:\WINDOWS\SYSTEM32\dwmapi.dll
0x75d30000 - 0x75e04000 	C:\WINDOWS\System32\MSCTF.dll
0x6e2e0000 - 0x6e2ea000 	C:\WINDOWS\SYSTEM32\HID.DLL
0x75a40000 - 0x75a87000 	C:\WINDOWS\System32\WINTRUST.dll
0x70260000 - 0x7026e000 	C:\WINDOWS\SYSTEM32\MSASN1.dll
0x66d60000 - 0x66e4d000 	C:\WINDOWS\SYSTEM32\inputhost.dll
0x68bb0000 - 0x68c4b000 	C:\WINDOWS\SYSTEM32\CoreMessaging.dll
0x73080000 - 0x73142000 	C:\WINDOWS\SYSTEM32\PROPSYS.dll
0x6fd80000 - 0x6fe5b000 	C:\WINDOWS\SYSTEM32\wintypes.dll
0x686b0000 - 0x6892e000 	C:\WINDOWS\SYSTEM32\CoreUIComponents.dll
0x70350000 - 0x70379000 	C:\WINDOWS\SYSTEM32\ntmarta.dll
0x67290000 - 0x67393000 	C:\WINDOWS\SYSTEM32\opengl32.dll
0x6c0b0000 - 0x6c0ef000 	C:\WINDOWS\SYSTEM32\GLU32.dll
0x77690000 - 0x7770e000 	C:\WINDOWS\System32\clbcatq.dll
0x58750000 - 0x5913b000 	C:\WINDOWS\SYSTEM32\ig8icd32.dll
0x5d250000 - 0x5db1a000 	C:\WINDOWS\SYSTEM32\igdusc32.dll
0x6e6f0000 - 0x6e6ff000 	C:\WINDOWS\SYSTEM32\WTSAPI32.dll
0x65380000 - 0x653ac000 	C:\WINDOWS\SYSTEM32\dxcore.dll
0x70280000 - 0x702c4000 	C:\WINDOWS\SYSTEM32\powrprof.dll
0x70270000 - 0x7027d000 	C:\WINDOWS\SYSTEM32\UMPDC.dll
0x67880000 - 0x67943000 	C:\WINDOWS\SYSTEM32\dxgi.dll
0x674f0000 - 0x676d0000 	C:\WINDOWS\SYSTEM32\d3d11.dll
0x5db20000 - 0x5e753000 	C:\WINDOWS\SYSTEM32\igd10iumd32.dll
0x68c50000 - 0x68d09000 	C:\WINDOWS\SYSTEM32\textinputframework.dll
0x66d00000 - 0x66d53000 	C:\Users\st-do\AppData\Roaming\.minecraft\versions\1.16.5-OptiFine_HD_U_G7\1.16.5-OptiFine_HD_U_G7-natives-166010882762500\lwjgl_opengl32.dll
0x66c80000 - 0x66cf1000 	C:\Users\st-do\AppData\Roaming\.minecraft\versions\1.16.5-OptiFine_HD_U_G7\1.16.5-OptiFine_HD_U_G7-natives-166010882762500\lwjgl_stb32.dll
0x64fb0000 - 0x65043000 	C:\WINDOWS\SYSTEM32\mscms.dll
0x64fa0000 - 0x64fac000 	C:\WINDOWS\SYSTEM32\ColorAdapterClient.dll
0x66c40000 - 0x66c7e000 	C:\WINDOWS\SYSTEM32\icm32.dll
0x66c00000 - 0x66c38000 	C:\Users\st-do\AppData\Local\Temp\jna-109707127\jna2245308847404124076.dll
0x66be0000 - 0x66bf7000 	C:\Users\st-do\AppData\Roaming\.minecraft\versions\1.16.5-OptiFine_HD_U_G7\1.16.5-OptiFine_HD_U_G7-natives-166010882762500\SAPIWrapper_x86.dll
0x75ac0000 - 0x75ba3000 	C:\WINDOWS\System32\ole32.dll
0x66a90000 - 0x66bd1000 	C:\WINDOWS\System32\Speech\Common\sapi.dll
0x66a70000 - 0x66a89000 	C:\WINDOWS\SYSTEM32\MSACM32.dll
0x66a60000 - 0x66a69000 	C:\WINDOWS\SYSTEM32\msdmo.dll
0x66a40000 - 0x66a5d000 	C:\WINDOWS\SYSTEM32\winmmbase.dll
0x66780000 - 0x667eb000 	C:\WINDOWS\System32\MMDevApi.dll
0x66940000 - 0x66a3f000 	C:\Users\st-do\AppData\Roaming\.minecraft\versions\1.16.5-OptiFine_HD_U_G7\1.16.5-OptiFine_HD_U_G7-natives-166010882762500\OpenAL32.dll
0x59a10000 - 0x59b46000 	C:\WINDOWS\SYSTEM32\AUDIOSES.DLL
0x66930000 - 0x6693f000 	C:\WINDOWS\SYSTEM32\resourcepolicyclient.dll
0x69000000 - 0x6914b000 	C:\Program Files (x86)\Java\jre1.8.0_271\bin\awt.dll
0x3a1c0000 - 0x3a348000 	C:\WINDOWS\SYSTEM32\dbghelp.dll

VM Arguments:
jvm_args: -Xmx512M -XX:+UseConcMarkSweepGC -XX:+CMSIncrementalMode -XX:-UseAdaptiveSizePolicy -Xmn128M -XX:HeapDumpPath=MojangTricksIntelDriversForPerformance_javaw.exe_minecraft.exe.heapdump -Xss1M -Djava.library.path=C:\Users\st-do\AppData\Roaming\.minecraft\versions\1.16.5-OptiFine_HD_U_G7\1.16.5-OptiFine_HD_U_G7-natives-166010882762500 -Dminecraft.launcher.brand=java-minecraft-launcher -Dminecraft.launcher.version=unknown 
java_command: net.minecraft.launchwrapper.Launch --username spyrostheboss --version 1.16.5-OptiFine_HD_U_G7 --gameDir C:\Users\st-do\AppData\Roaming\.minecraft --assetsDir C:\Users\st-do\AppData\Roaming\.minecraft\assets --assetIndex 1.16 --uuid f468a7be5e813ec8a55fe4a230c1f2f6 --accessToken 1337535510N --userType legacy --versionType release --tweakClass optifine.OptiFineTweaker
java_class_path (initial): C:\Users\st-do\AppData\Roaming\.minecraft\libraries\optifine\OptiFine\1.16.5_HD_U_G7\OptiFine-1.16.5_HD_U_G7.jar;C:\Users\st-do\AppData\Roaming\.minecraft\libraries\optifine\launchwrapper-of\2.2\launchwrapper-of-2.2.jar;C:\Users\st-do\AppData\Roaming\.minecraft\libraries\oshi-project\oshi-core\1.1\oshi-core-1.1.jar;C:\Users\st-do\AppData\Roaming\.minecraft\libraries\net\java\dev\jna\jna\4.4.0\jna-4.4.0.jar;C:\Users\st-do\AppData\Roaming\.minecraft\libraries\net\java\dev\jna\platform\3.4.0\platform-3.4.0.jar;C:\Users\st-do\AppData\Roaming\.minecraft\libraries\com\ibm\icu\icu4j\66.1\icu4j-66.1.jar;C:\Users\st-do\AppData\Roaming\.minecraft\libraries\com\mojang\javabridge\1.0.22\javabridge-1.0.22.jar;C:\Users\st-do\AppData\Roaming\.minecraft\libraries\net\sf\jopt-simple\jopt-simple\5.0.3\jopt-simple-5.0.3.jar;C:\Users\st-do\AppData\Roaming\.minecraft\libraries\io\netty\netty-all\4.1.25.Final\netty-all-4.1.25.Final.jar;C:\Users\st-do\AppData\Roaming\.minecraft\libraries\com\google\guava\guava\21.0\guava-21.0.jar;C:\Users\st-do\AppData\Roaming\.minecraft\libraries\org\apache\commons\commons-lang3\3.5\commons-lang3-3.5.jar;C:\Users\st-do\AppData\Roaming\.minecraft\libraries\commons-io\commons-io\2.5\commons-io-2.5.jar;C:\Users\st-do\AppData\Roaming\.minecraft\libraries\commons-codec\commons-codec\1.10\commons-codec-1.10.jar;C:\Users\st-do\AppData\Roaming\.minecraft\libraries\net\java\jinput\jinput\2.0.5\jinput-2.0.5.jar;C:\Users\st-do\AppData\Roaming\.minecraft\libraries\net\java\jutils\jutils\1.0.0\jutils-1.0.0.jar;C:\Users\st-do\AppData\Roaming\.minecraft\libraries\com\mojang\brigadier\1.0.17\brigadier-1.0.17.jar;C:\Users\st-do\AppData\Roaming\.minecraft\libraries\com\mojang\datafixerupper\4.0.26\datafixerupper-4.0.26.jar;C:\Users\st-do\AppData\Roaming\.minecraft\libraries\com\google\code\gson\gson\2.8.0\gson-2.8.0.jar;C:\Users\st-do\AppData\Roaming\.minecraft\libraries\com\mojang\authlib\2.1.28\authlib-2.1.28.jar;C:\Users\st-do\AppData\Roami
Launcher Type: SUN_STANDARD

Environment Variables:
PATH=C:\Program Files (x86)\Common Files\Oracle\Java\javapath;C:\WINDOWS\system32;C:\WINDOWS;C:\WINDOWS\System32\Wbem;C:\WINDOWS\System32\WindowsPowerShell\v1.0\;C:\WINDOWS\System32\OpenSSH\;C:\Program Files\Intel\WiFi\bin\;C:\Program Files\Common Files\Intel\WirelessCommon\;C:\Program Files (x86)\GtkSharp\2.12\bin;C:\Program Files\dotnet\;C:\Program Files\Microsoft SQL Server\130\Tools\Binn\;C:\Program Files\Docker\Docker\resources\bin;C:\ProgramData\DockerDesktop\version-bin;C:\Users\st-do\AppData\Local\Programs\Python\Launcher\;C:\Users\st-do\AppData\Local\Microsoft\WindowsApps;C:\Users\spsta\AppData\Local\GitHubDesktop\bin;C:\Users\st-do\AppData\Local\Programs\Git\cmd;C:\Program Files (x86)\Java\jre1.8.0_271\bin
USERNAME=st-do
OS=Windows_NT
PROCESSOR_IDENTIFIER=Intel64 Family 6 Model 61 Stepping 4, GenuineIntel



---------------  S Y S T E M  ---------------

OS: Windows 10.0 , 64 bit Build 19041 (10.0.19041.1023)

CPU:total 4 (initial active 4) (2 cores per cpu, 2 threads per core) family 6 model 61 stepping 4, cmov, cx8, fxsr, mmx, sse, sse2, sse3, ssse3, sse4.1, sse4.2, popcnt, avx, avx2, aes, clmul, erms, 3dnowpref, lzcnt, ht, tsc, tscinvbit, bmi1, bmi2, adx

Memory: 4k page, physical 8296644k(1770620k free), swap 15636676k(4319476k free)

vm_info: Java HotSpot(TM) Client VM (25.271-b09) for windows-x86 JRE (1.8.0_271-b09), built on Sep 17 2020 01:51:12 by "" with MS VC++ 15.9 (VS2017)

time: Tue Jul 20 15:43:29 2021
timezone: GTB Daylight Time
elapsed time: 841.173468 seconds (0d 0h 14m 1s)

