[14:23:21] [main/INFO]: Loading for game Minecraft 1.16.5
[14:23:23] [main/INFO]: [FabricLoader] Loading 49 mods:
	- baritone@1.6.3
	- fabric@0.37.0+1.16
	- fabric-api-base@0.3.0+c88702897d
	- fabric-api-lookup-api-v1@1.2.0+6aebe11a7d
	- fabric-biome-api-v1@3.1.10+3661eaa17d
	- fabric-blockrenderlayer-v1@1.1.5+ca58154a7d
	- fabric-command-api-v1@1.1.1+351679a77d
	- fabric-commands-v0@0.2.2+ca58154a7d
	- fabric-containers-v0@0.1.11+9354966b7d
	- fabric-content-registries-v0@0.2.1+ca58154a7d
	- fabric-crash-report-info-v1@0.1.3+ca58154a7d
	- fabric-dimensions-v1@2.0.6+61336ba97d
	- fabric-entity-events-v1@1.1.0+c88702897d
	- fabric-events-interaction-v0@0.4.3+f941baf07d
	- fabric-events-lifecycle-v0@0.2.1+ca58154a7d
	- fabric-game-rule-api-v1@1.0.6+ca58154a7d
	- fabric-item-api-v1@1.2.1+ca58154a7d
	- fabric-item-groups-v0@0.2.7+2868a2287d
	- fabric-key-binding-api-v1@1.0.4+9354966b7d
	- fabric-keybindings-v0@0.2.1+ca58154a7d
	- fabric-lifecycle-events-v1@1.2.1+ca58154a7d
	- fabric-loot-tables-v1@1.0.2+ca58154a7d
	- fabric-mining-levels-v0@0.1.3+ca58154a7d
	- fabric-models-v0@0.3.0+bc7a746f7d
	- fabric-networking-api-v1@1.0.3+e3c9d0627d
	- fabric-networking-blockentity-v0@0.2.8+ca58154a7d
	- fabric-networking-v0@0.3.2+ca58154a7d
	- fabric-object-builder-api-v1@1.9.5+c88702897d
	- fabric-object-builders-v0@0.7.2+ca58154a7d
	- fabric-particles-v1@0.2.4+ca58154a7d
	- fabric-registry-sync-v0@0.7.4+ca58154a7d
	- fabric-renderer-api-v1@0.4.4+f3e8589e7d
	- fabric-renderer-indigo@0.4.4+ca58154a7d
	- fabric-renderer-registries-v1@2.3.0+2868a2287d
	- fabric-rendering-data-attachment-v1@0.1.5+ca58154a7d
	- fabric-rendering-fluids-v1@0.1.13+ca58154a7d
	- fabric-rendering-v0@1.1.2+ca58154a7d
	- fabric-rendering-v1@1.6.0+2868a2287d
	- fabric-resource-loader-v0@0.4.6+2868a2287d
	- fabric-screen-api-v1@1.0.0+c045166c7d
	- fabric-screen-handler-api-v1@1.1.5+9354966b7d
	- fabric-structure-api-v1@1.1.11+ca0ef93d7d
	- fabric-tag-extensions-v0@1.1.1+ca58154a7d
	- fabric-textures-v0@1.0.6+ca58154a7d
	- fabric-tool-attribute-api-v1@1.2.7+8183d3957d
	- fabric-transfer-api-v1@1.0.0+5f6b94517d
	- fabricloader@0.11.6
	- java@8
	- minecraft@1.16.5
[14:23:23] [main/INFO]: SpongePowered MIXIN Subsystem Version=0.8.2 Source=file:/C:/Users/st-do/AppData/Roaming/.minecraft/libraries/net/fabricmc/sponge-mixin/0.9.4+mixin.0.8.2/sponge-mixin-0.9.4+mixin.0.8.2.jar Service=Knot/Fabric Env=CLIENT
[14:23:24] [main/WARN]: Error loading class: me/jellysquid/mods/sodium/client/world/SodiumChunkManager (java.lang.ClassNotFoundException: me/jellysquid/mods/sodium/client/world/SodiumChunkManager)
[14:23:24] [main/WARN]: Error loading class: me/jellysquid/mods/sodium/client/util/collections/FixedLongHashTable (java.lang.ClassNotFoundException: me/jellysquid/mods/sodium/client/util/collections/FixedLongHashTable)
[14:23:34] [main/INFO]: Environment: authHost='https://authserver.mojang.com', accountsHost='https://api.mojang.com', sessionHost='https://sessionserver.mojang.com', servicesHost='https://api.minecraftservices.com', name='PROD'
[14:23:38] [main/ERROR]: Failed to verify authentication
com.mojang.authlib.exceptions.AuthenticationUnavailableException: null
	at com.mojang.authlib.yggdrasil.YggdrasilSocialInteractionsService.checkPrivileges(YggdrasilSocialInteractionsService.java:97) ~[authlib-2.1.28.jar:?]
	at com.mojang.authlib.yggdrasil.YggdrasilSocialInteractionsService.<init>(YggdrasilSocialInteractionsService.java:40) ~[authlib-2.1.28.jar:?]
	at com.mojang.authlib.yggdrasil.YggdrasilAuthenticationService.createSocialInteractionsService(YggdrasilAuthenticationService.java:152) ~[authlib-2.1.28.jar:?]
	at net.minecraft.class_310.method_31382(class_310.java:625) [intermediary-fabric-loader-0.11.6-1.16.5.jar:?]
	at net.minecraft.class_310.<init>(class_310.java:409) [intermediary-fabric-loader-0.11.6-1.16.5.jar:?]
	at net.minecraft.client.main.Main.main(Main.java:177) [intermediary-fabric-loader-0.11.6-1.16.5.jar:?]
	at sun.reflect.NativeMethodAccessorImpl.invoke0(Native Method) ~[?:1.8.0_271]
	at sun.reflect.NativeMethodAccessorImpl.invoke(Unknown Source) ~[?:1.8.0_271]
	at sun.reflect.DelegatingMethodAccessorImpl.invoke(Unknown Source) ~[?:1.8.0_271]
	at java.lang.reflect.Method.invoke(Unknown Source) ~[?:1.8.0_271]
	at net.fabricmc.loader.game.MinecraftGameProvider.launch(MinecraftGameProvider.java:234) [fabric-loader-0.11.6.jar:?]
	at net.fabricmc.loader.launch.knot.Knot.launch(Knot.java:153) [fabric-loader-0.11.6.jar:?]
	at net.fabricmc.loader.launch.knot.KnotClient.main(KnotClient.java:28) [fabric-loader-0.11.6.jar:?]
[14:23:38] [main/INFO]: Setting user: spyrostheboss
[14:23:39] [main/INFO]: [Indigo] Registering Indigo renderer!
[14:23:41] [main/INFO]: Backend library: LWJGL version 3.2.2 build 10
[14:23:47] [main/INFO]: Narrator library for x86 successfully loaded
[14:23:47] [main/INFO]: Reloading ResourceManager: Default, Fabric Mods (Fabric Renderer API (v1), Fabric Key Bindings (v0), Fabric Loader, Fabric Structure API (v1), Fabric Containers (v0), Fabric Object Builder API (v1), Fabric Dimensions API (v1), Fabric Game Rule API (v1), Fabric API Base, Fabric Rendering Data Attachment (v1), Fabric Textures (v0), Fabric Rendering Fluids (v1), Fabric BlockRenderLayer Registration (v1), Fabric Lifecycle Events (v1), Fabric Renderer Registries (v1), Fabric Loot Tables (v1), Fabric API, Fabric Particles (v1), Fabric Networking (v0), Fabric API Lookup API (v1), Fabric Networking Block Entity (v0), Fabric Screen Handler API (v1), Fabric Command API (v1), Fabric Screen API (v1), Fabric Tool Attribute API (v1), Fabric Renderer - Indigo, Fabric Item API (v1), Fabric Events Interaction (v0), Fabric Crash Report Info (v1), Fabric Entity Events (v1), Fabric Rendering (v0), Fabric Key Binding API (v1), Fabric Rendering (v1), Fabric Resource Loader (v0), Fabric Content Registries (v0), Fabric Tag Extensions (v0), Fabric Biome API (v1), Fabric Registry Sync (v0), Fabric Commands (v0), Fabric Mining Levels (v0), Fabric Networking API (v1), Fabric Events Lifecycle (v0), Fabric Item Groups (v0), Fabric Models (v0), Fabric Object Builders (v0))
[14:23:47] [main/INFO]: [STDOUT]: Baritone settings file not found, resetting.
[14:23:48] [Realms Notification Availability checker #1/INFO]: Could not authorize you against Realms server: Invalid session id
[14:24:10] [main/INFO]: OpenAL initialized.
[14:24:10] [main/INFO]: Sound engine started
[14:24:12] [main/INFO]: Created: 1024x1024x0 minecraft:textures/atlas/blocks.png-atlas
[14:24:12] [main/INFO]: Created: 256x128x0 minecraft:textures/atlas/signs.png-atlas
[14:24:12] [main/INFO]: Created: 1024x512x0 minecraft:textures/atlas/banner_patterns.png-atlas
[14:24:12] [main/INFO]: Created: 1024x512x0 minecraft:textures/atlas/shield_patterns.png-atlas
[14:24:12] [main/INFO]: Created: 256x256x0 minecraft:textures/atlas/chest.png-atlas
[14:24:12] [main/INFO]: Created: 512x256x0 minecraft:textures/atlas/beds.png-atlas
[14:24:12] [main/INFO]: Created: 512x256x0 minecraft:textures/atlas/shulker_boxes.png-atlas
[14:24:14] [main/INFO]: Created: 256x256x0 minecraft:textures/atlas/particles.png-atlas
[14:24:14] [main/INFO]: Created: 256x256x0 minecraft:textures/atlas/paintings.png-atlas
[14:24:14] [main/INFO]: Created: 256x128x0 minecraft:textures/atlas/mob_effects.png-atlas
[14:25:07] [main/ERROR]: Can't ping play.hivemc.com: 
[14:25:16] [main/INFO]: Connecting to ultimismc.com, 25565
[14:25:18] [main/INFO]: [CHAT] §fPlease login to this account to play. Press §f`§bt§f` to type.
[14:25:18] [main/INFO]: [CHAT] §b/login password 
[14:25:19] [main/INFO]: Environment: authHost='https://authserver.mojang.com', accountsHost='https://api.mojang.com', sessionHost='https://sessionserver.mojang.com', servicesHost='https://api.minecraftservices.com', name='PROD'
[14:25:19] [main/INFO]: [STDOUT]: Baritone world data dir: C:\Users\st-do\AppData\Roaming\.minecraft\baritone\ultimismc.com
[14:25:19] [main/INFO]: [STDOUT]: Cached world directory: C:\Users\st-do\AppData\Roaming\.minecraft\baritone\ultimismc.com\cache
[14:25:19] [main/INFO]: [STDOUT]: Would save waypoints to C:\Users\st-do\AppData\Roaming\.minecraft\baritone\ultimismc.com\waypoints
[14:25:22] [main/FATAL]: Error executing task on Client
java.lang.NullPointerException: null
	at net.minecraft.class_269.method_1191(class_269.java:199) ~[intermediary-fabric-loader-0.11.6-1.16.5.jar:?]
	at net.minecraft.class_634.method_11099(class_634.java:2156) ~[intermediary-fabric-loader-0.11.6-1.16.5.jar:?]
	at net.minecraft.class_2755.method_11860(class_2755.java:122) ~[intermediary-fabric-loader-0.11.6-1.16.5.jar:?]
	at net.minecraft.class_2755.method_11054(class_2755.java:16) ~[intermediary-fabric-loader-0.11.6-1.16.5.jar:?]
	at net.minecraft.class_2600.method_11072(class_2600.java:21) ~[intermediary-fabric-loader-0.11.6-1.16.5.jar:?]
	at net.minecraft.class_1255.method_18859(class_1255.java:144) [intermediary-fabric-loader-0.11.6-1.16.5.jar:?]
	at net.minecraft.class_4093.method_18859(class_4093.java:23) [intermediary-fabric-loader-0.11.6-1.16.5.jar:?]
	at net.minecraft.class_1255.method_16075(class_1255.java:118) [intermediary-fabric-loader-0.11.6-1.16.5.jar:?]
	at net.minecraft.class_1255.method_5383(class_1255.java:103) [intermediary-fabric-loader-0.11.6-1.16.5.jar:?]
	at net.minecraft.class_310.method_1523(class_310.java:1015) [intermediary-fabric-loader-0.11.6-1.16.5.jar:?]
	at net.minecraft.class_310.method_1514(class_310.java:681) [intermediary-fabric-loader-0.11.6-1.16.5.jar:?]
	at net.minecraft.client.main.Main.main(Main.java:215) [intermediary-fabric-loader-0.11.6-1.16.5.jar:?]
	at sun.reflect.NativeMethodAccessorImpl.invoke0(Native Method) ~[?:1.8.0_271]
	at sun.reflect.NativeMethodAccessorImpl.invoke(Unknown Source) ~[?:1.8.0_271]
	at sun.reflect.DelegatingMethodAccessorImpl.invoke(Unknown Source) ~[?:1.8.0_271]
	at java.lang.reflect.Method.invoke(Unknown Source) ~[?:1.8.0_271]
	at net.fabricmc.loader.game.MinecraftGameProvider.launch(MinecraftGameProvider.java:234) [fabric-loader-0.11.6.jar:?]
	at net.fabricmc.loader.launch.knot.Knot.launch(Knot.java:153) [fabric-loader-0.11.6.jar:?]
	at net.fabricmc.loader.launch.knot.KnotClient.main(KnotClient.java:28) [fabric-loader-0.11.6.jar:?]
[14:25:22] [main/FATAL]: Error executing task on Client
java.lang.NullPointerException: null
	at net.minecraft.class_269.method_1191(class_269.java:199) ~[intermediary-fabric-loader-0.11.6-1.16.5.jar:?]
	at net.minecraft.class_634.method_11099(class_634.java:2156) ~[intermediary-fabric-loader-0.11.6-1.16.5.jar:?]
	at net.minecraft.class_2755.method_11860(class_2755.java:122) ~[intermediary-fabric-loader-0.11.6-1.16.5.jar:?]
	at net.minecraft.class_2755.method_11054(class_2755.java:16) ~[intermediary-fabric-loader-0.11.6-1.16.5.jar:?]
	at net.minecraft.class_2600.method_11072(class_2600.java:21) ~[intermediary-fabric-loader-0.11.6-1.16.5.jar:?]
	at net.minecraft.class_1255.method_18859(class_1255.java:144) [intermediary-fabric-loader-0.11.6-1.16.5.jar:?]
	at net.minecraft.class_4093.method_18859(class_4093.java:23) [intermediary-fabric-loader-0.11.6-1.16.5.jar:?]
	at net.minecraft.class_1255.method_16075(class_1255.java:118) [intermediary-fabric-loader-0.11.6-1.16.5.jar:?]
	at net.minecraft.class_1255.method_5383(class_1255.java:103) [intermediary-fabric-loader-0.11.6-1.16.5.jar:?]
	at net.minecraft.class_310.method_1523(class_310.java:1015) [intermediary-fabric-loader-0.11.6-1.16.5.jar:?]
	at net.minecraft.class_310.method_1514(class_310.java:681) [intermediary-fabric-loader-0.11.6-1.16.5.jar:?]
	at net.minecraft.client.main.Main.main(Main.java:215) [intermediary-fabric-loader-0.11.6-1.16.5.jar:?]
	at sun.reflect.NativeMethodAccessorImpl.invoke0(Native Method) ~[?:1.8.0_271]
	at sun.reflect.NativeMethodAccessorImpl.invoke(Unknown Source) ~[?:1.8.0_271]
	at sun.reflect.DelegatingMethodAccessorImpl.invoke(Unknown Source) ~[?:1.8.0_271]
	at java.lang.reflect.Method.invoke(Unknown Source) ~[?:1.8.0_271]
	at net.fabricmc.loader.game.MinecraftGameProvider.launch(MinecraftGameProvider.java:234) [fabric-loader-0.11.6.jar:?]
	at net.fabricmc.loader.launch.knot.Knot.launch(Knot.java:153) [fabric-loader-0.11.6.jar:?]
	at net.fabricmc.loader.launch.knot.KnotClient.main(KnotClient.java:28) [fabric-loader-0.11.6.jar:?]
[14:25:22] [main/FATAL]: Error executing task on Client
java.lang.NullPointerException: null
	at net.minecraft.class_269.method_1191(class_269.java:199) ~[intermediary-fabric-loader-0.11.6-1.16.5.jar:?]
	at net.minecraft.class_634.method_11099(class_634.java:2156) ~[intermediary-fabric-loader-0.11.6-1.16.5.jar:?]
	at net.minecraft.class_2755.method_11860(class_2755.java:122) ~[intermediary-fabric-loader-0.11.6-1.16.5.jar:?]
	at net.minecraft.class_2755.method_11054(class_2755.java:16) ~[intermediary-fabric-loader-0.11.6-1.16.5.jar:?]
	at net.minecraft.class_2600.method_11072(class_2600.java:21) ~[intermediary-fabric-loader-0.11.6-1.16.5.jar:?]
	at net.minecraft.class_1255.method_18859(class_1255.java:144) [intermediary-fabric-loader-0.11.6-1.16.5.jar:?]
	at net.minecraft.class_4093.method_18859(class_4093.java:23) [intermediary-fabric-loader-0.11.6-1.16.5.jar:?]
	at net.minecraft.class_1255.method_16075(class_1255.java:118) [intermediary-fabric-loader-0.11.6-1.16.5.jar:?]
	at net.minecraft.class_1255.method_5383(class_1255.java:103) [intermediary-fabric-loader-0.11.6-1.16.5.jar:?]
	at net.minecraft.class_310.method_1523(class_310.java:1015) [intermediary-fabric-loader-0.11.6-1.16.5.jar:?]
	at net.minecraft.class_310.method_1514(class_310.java:681) [intermediary-fabric-loader-0.11.6-1.16.5.jar:?]
	at net.minecraft.client.main.Main.main(Main.java:215) [intermediary-fabric-loader-0.11.6-1.16.5.jar:?]
	at sun.reflect.NativeMethodAccessorImpl.invoke0(Native Method) ~[?:1.8.0_271]
	at sun.reflect.NativeMethodAccessorImpl.invoke(Unknown Source) ~[?:1.8.0_271]
	at sun.reflect.DelegatingMethodAccessorImpl.invoke(Unknown Source) ~[?:1.8.0_271]
	at java.lang.reflect.Method.invoke(Unknown Source) ~[?:1.8.0_271]
	at net.fabricmc.loader.game.MinecraftGameProvider.launch(MinecraftGameProvider.java:234) [fabric-loader-0.11.6.jar:?]
	at net.fabricmc.loader.launch.knot.Knot.launch(Knot.java:153) [fabric-loader-0.11.6.jar:?]
	at net.fabricmc.loader.launch.knot.KnotClient.main(KnotClient.java:28) [fabric-loader-0.11.6.jar:?]
[14:25:22] [main/FATAL]: Error executing task on Client
java.lang.NullPointerException: null
	at net.minecraft.class_269.method_1191(class_269.java:199) ~[intermediary-fabric-loader-0.11.6-1.16.5.jar:?]
	at net.minecraft.class_634.method_11099(class_634.java:2156) ~[intermediary-fabric-loader-0.11.6-1.16.5.jar:?]
	at net.minecraft.class_2755.method_11860(class_2755.java:122) ~[intermediary-fabric-loader-0.11.6-1.16.5.jar:?]
	at net.minecraft.class_2755.method_11054(class_2755.java:16) ~[intermediary-fabric-loader-0.11.6-1.16.5.jar:?]
	at net.minecraft.class_2600.method_11072(class_2600.java:21) ~[intermediary-fabric-loader-0.11.6-1.16.5.jar:?]
	at net.minecraft.class_1255.method_18859(class_1255.java:144) [intermediary-fabric-loader-0.11.6-1.16.5.jar:?]
	at net.minecraft.class_4093.method_18859(class_4093.java:23) [intermediary-fabric-loader-0.11.6-1.16.5.jar:?]
	at net.minecraft.class_1255.method_16075(class_1255.java:118) [intermediary-fabric-loader-0.11.6-1.16.5.jar:?]
	at net.minecraft.class_1255.method_5383(class_1255.java:103) [intermediary-fabric-loader-0.11.6-1.16.5.jar:?]
	at net.minecraft.class_310.method_1523(class_310.java:1015) [intermediary-fabric-loader-0.11.6-1.16.5.jar:?]
	at net.minecraft.class_310.method_1514(class_310.java:681) [intermediary-fabric-loader-0.11.6-1.16.5.jar:?]
	at net.minecraft.client.main.Main.main(Main.java:215) [intermediary-fabric-loader-0.11.6-1.16.5.jar:?]
	at sun.reflect.NativeMethodAccessorImpl.invoke0(Native Method) ~[?:1.8.0_271]
	at sun.reflect.NativeMethodAccessorImpl.invoke(Unknown Source) ~[?:1.8.0_271]
	at sun.reflect.DelegatingMethodAccessorImpl.invoke(Unknown Source) ~[?:1.8.0_271]
	at java.lang.reflect.Method.invoke(Unknown Source) ~[?:1.8.0_271]
	at net.fabricmc.loader.game.MinecraftGameProvider.launch(MinecraftGameProvider.java:234) [fabric-loader-0.11.6.jar:?]
	at net.fabricmc.loader.launch.knot.Knot.launch(Knot.java:153) [fabric-loader-0.11.6.jar:?]
	at net.fabricmc.loader.launch.knot.KnotClient.main(KnotClient.java:28) [fabric-loader-0.11.6.jar:?]
[14:25:22] [main/FATAL]: Error executing task on Client
java.lang.NullPointerException: null
	at net.minecraft.class_269.method_1191(class_269.java:199) ~[intermediary-fabric-loader-0.11.6-1.16.5.jar:?]
	at net.minecraft.class_634.method_11099(class_634.java:2156) ~[intermediary-fabric-loader-0.11.6-1.16.5.jar:?]
	at net.minecraft.class_2755.method_11860(class_2755.java:122) ~[intermediary-fabric-loader-0.11.6-1.16.5.jar:?]
	at net.minecraft.class_2755.method_11054(class_2755.java:16) ~[intermediary-fabric-loader-0.11.6-1.16.5.jar:?]
	at net.minecraft.class_2600.method_11072(class_2600.java:21) ~[intermediary-fabric-loader-0.11.6-1.16.5.jar:?]
	at net.minecraft.class_1255.method_18859(class_1255.java:144) [intermediary-fabric-loader-0.11.6-1.16.5.jar:?]
	at net.minecraft.class_4093.method_18859(class_4093.java:23) [intermediary-fabric-loader-0.11.6-1.16.5.jar:?]
	at net.minecraft.class_1255.method_16075(class_1255.java:118) [intermediary-fabric-loader-0.11.6-1.16.5.jar:?]
	at net.minecraft.class_1255.method_5383(class_1255.java:103) [intermediary-fabric-loader-0.11.6-1.16.5.jar:?]
	at net.minecraft.class_310.method_1523(class_310.java:1015) [intermediary-fabric-loader-0.11.6-1.16.5.jar:?]
	at net.minecraft.class_310.method_1514(class_310.java:681) [intermediary-fabric-loader-0.11.6-1.16.5.jar:?]
	at net.minecraft.client.main.Main.main(Main.java:215) [intermediary-fabric-loader-0.11.6-1.16.5.jar:?]
	at sun.reflect.NativeMethodAccessorImpl.invoke0(Native Method) ~[?:1.8.0_271]
	at sun.reflect.NativeMethodAccessorImpl.invoke(Unknown Source) ~[?:1.8.0_271]
	at sun.reflect.DelegatingMethodAccessorImpl.invoke(Unknown Source) ~[?:1.8.0_271]
	at java.lang.reflect.Method.invoke(Unknown Source) ~[?:1.8.0_271]
	at net.fabricmc.loader.game.MinecraftGameProvider.launch(MinecraftGameProvider.java:234) [fabric-loader-0.11.6.jar:?]
	at net.fabricmc.loader.launch.knot.Knot.launch(Knot.java:153) [fabric-loader-0.11.6.jar:?]
	at net.fabricmc.loader.launch.knot.KnotClient.main(KnotClient.java:28) [fabric-loader-0.11.6.jar:?]
[14:25:22] [main/FATAL]: Error executing task on Client
java.lang.NullPointerException: null
	at net.minecraft.class_269.method_1191(class_269.java:199) ~[intermediary-fabric-loader-0.11.6-1.16.5.jar:?]
	at net.minecraft.class_634.method_11099(class_634.java:2156) ~[intermediary-fabric-loader-0.11.6-1.16.5.jar:?]
	at net.minecraft.class_2755.method_11860(class_2755.java:122) ~[intermediary-fabric-loader-0.11.6-1.16.5.jar:?]
	at net.minecraft.class_2755.method_11054(class_2755.java:16) ~[intermediary-fabric-loader-0.11.6-1.16.5.jar:?]
	at net.minecraft.class_2600.method_11072(class_2600.java:21) ~[intermediary-fabric-loader-0.11.6-1.16.5.jar:?]
	at net.minecraft.class_1255.method_18859(class_1255.java:144) [intermediary-fabric-loader-0.11.6-1.16.5.jar:?]
	at net.minecraft.class_4093.method_18859(class_4093.java:23) [intermediary-fabric-loader-0.11.6-1.16.5.jar:?]
	at net.minecraft.class_1255.method_16075(class_1255.java:118) [intermediary-fabric-loader-0.11.6-1.16.5.jar:?]
	at net.minecraft.class_1255.method_5383(class_1255.java:103) [intermediary-fabric-loader-0.11.6-1.16.5.jar:?]
	at net.minecraft.class_310.method_1523(class_310.java:1015) [intermediary-fabric-loader-0.11.6-1.16.5.jar:?]
	at net.minecraft.class_310.method_1514(class_310.java:681) [intermediary-fabric-loader-0.11.6-1.16.5.jar:?]
	at net.minecraft.client.main.Main.main(Main.java:215) [intermediary-fabric-loader-0.11.6-1.16.5.jar:?]
	at sun.reflect.NativeMethodAccessorImpl.invoke0(Native Method) ~[?:1.8.0_271]
	at sun.reflect.NativeMethodAccessorImpl.invoke(Unknown Source) ~[?:1.8.0_271]
	at sun.reflect.DelegatingMethodAccessorImpl.invoke(Unknown Source) ~[?:1.8.0_271]
	at java.lang.reflect.Method.invoke(Unknown Source) ~[?:1.8.0_271]
	at net.fabricmc.loader.game.MinecraftGameProvider.launch(MinecraftGameProvider.java:234) [fabric-loader-0.11.6.jar:?]
	at net.fabricmc.loader.launch.knot.Knot.launch(Knot.java:153) [fabric-loader-0.11.6.jar:?]
	at net.fabricmc.loader.launch.knot.KnotClient.main(KnotClient.java:28) [fabric-loader-0.11.6.jar:?]
[14:25:22] [main/FATAL]: Error executing task on Client
java.lang.NullPointerException: null
	at net.minecraft.class_269.method_1191(class_269.java:199) ~[intermediary-fabric-loader-0.11.6-1.16.5.jar:?]
	at net.minecraft.class_634.method_11099(class_634.java:2156) ~[intermediary-fabric-loader-0.11.6-1.16.5.jar:?]
	at net.minecraft.class_2755.method_11860(class_2755.java:122) ~[intermediary-fabric-loader-0.11.6-1.16.5.jar:?]
	at net.minecraft.class_2755.method_11054(class_2755.java:16) ~[intermediary-fabric-loader-0.11.6-1.16.5.jar:?]
	at net.minecraft.class_2600.method_11072(class_2600.java:21) ~[intermediary-fabric-loader-0.11.6-1.16.5.jar:?]
	at net.minecraft.class_1255.method_18859(class_1255.java:144) [intermediary-fabric-loader-0.11.6-1.16.5.jar:?]
	at net.minecraft.class_4093.method_18859(class_4093.java:23) [intermediary-fabric-loader-0.11.6-1.16.5.jar:?]
	at net.minecraft.class_1255.method_16075(class_1255.java:118) [intermediary-fabric-loader-0.11.6-1.16.5.jar:?]
	at net.minecraft.class_1255.method_5383(class_1255.java:103) [intermediary-fabric-loader-0.11.6-1.16.5.jar:?]
	at net.minecraft.class_310.method_1523(class_310.java:1015) [intermediary-fabric-loader-0.11.6-1.16.5.jar:?]
	at net.minecraft.class_310.method_1514(class_310.java:681) [intermediary-fabric-loader-0.11.6-1.16.5.jar:?]
	at net.minecraft.client.main.Main.main(Main.java:215) [intermediary-fabric-loader-0.11.6-1.16.5.jar:?]
	at sun.reflect.NativeMethodAccessorImpl.invoke0(Native Method) ~[?:1.8.0_271]
	at sun.reflect.NativeMethodAccessorImpl.invoke(Unknown Source) ~[?:1.8.0_271]
	at sun.reflect.DelegatingMethodAccessorImpl.invoke(Unknown Source) ~[?:1.8.0_271]
	at java.lang.reflect.Method.invoke(Unknown Source) ~[?:1.8.0_271]
	at net.fabricmc.loader.game.MinecraftGameProvider.launch(MinecraftGameProvider.java:234) [fabric-loader-0.11.6.jar:?]
	at net.fabricmc.loader.launch.knot.Knot.launch(Knot.java:153) [fabric-loader-0.11.6.jar:?]
	at net.fabricmc.loader.launch.knot.KnotClient.main(KnotClient.java:28) [fabric-loader-0.11.6.jar:?]
[14:25:22] [main/FATAL]: Error executing task on Client
java.lang.NullPointerException: null
	at net.minecraft.class_269.method_1191(class_269.java:199) ~[intermediary-fabric-loader-0.11.6-1.16.5.jar:?]
	at net.minecraft.class_634.method_11099(class_634.java:2156) ~[intermediary-fabric-loader-0.11.6-1.16.5.jar:?]
	at net.minecraft.class_2755.method_11860(class_2755.java:122) ~[intermediary-fabric-loader-0.11.6-1.16.5.jar:?]
	at net.minecraft.class_2755.method_11054(class_2755.java:16) ~[intermediary-fabric-loader-0.11.6-1.16.5.jar:?]
	at net.minecraft.class_2600.method_11072(class_2600.java:21) ~[intermediary-fabric-loader-0.11.6-1.16.5.jar:?]
	at net.minecraft.class_1255.method_18859(class_1255.java:144) [intermediary-fabric-loader-0.11.6-1.16.5.jar:?]
	at net.minecraft.class_4093.method_18859(class_4093.java:23) [intermediary-fabric-loader-0.11.6-1.16.5.jar:?]
	at net.minecraft.class_1255.method_16075(class_1255.java:118) [intermediary-fabric-loader-0.11.6-1.16.5.jar:?]
	at net.minecraft.class_1255.method_5383(class_1255.java:103) [intermediary-fabric-loader-0.11.6-1.16.5.jar:?]
	at net.minecraft.class_310.method_1523(class_310.java:1015) [intermediary-fabric-loader-0.11.6-1.16.5.jar:?]
	at net.minecraft.class_310.method_1514(class_310.java:681) [intermediary-fabric-loader-0.11.6-1.16.5.jar:?]
	at net.minecraft.client.main.Main.main(Main.java:215) [intermediary-fabric-loader-0.11.6-1.16.5.jar:?]
	at sun.reflect.NativeMethodAccessorImpl.invoke0(Native Method) ~[?:1.8.0_271]
	at sun.reflect.NativeMethodAccessorImpl.invoke(Unknown Source) ~[?:1.8.0_271]
	at sun.reflect.DelegatingMethodAccessorImpl.invoke(Unknown Source) ~[?:1.8.0_271]
	at java.lang.reflect.Method.invoke(Unknown Source) ~[?:1.8.0_271]
	at net.fabricmc.loader.game.MinecraftGameProvider.launch(MinecraftGameProvider.java:234) [fabric-loader-0.11.6.jar:?]
	at net.fabricmc.loader.launch.knot.Knot.launch(Knot.java:153) [fabric-loader-0.11.6.jar:?]
	at net.fabricmc.loader.launch.knot.KnotClient.main(KnotClient.java:28) [fabric-loader-0.11.6.jar:?]
[14:25:22] [main/FATAL]: Error executing task on Client
java.lang.NullPointerException: null
	at net.minecraft.class_269.method_1191(class_269.java:199) ~[intermediary-fabric-loader-0.11.6-1.16.5.jar:?]
	at net.minecraft.class_634.method_11099(class_634.java:2156) ~[intermediary-fabric-loader-0.11.6-1.16.5.jar:?]
	at net.minecraft.class_2755.method_11860(class_2755.java:122) ~[intermediary-fabric-loader-0.11.6-1.16.5.jar:?]
	at net.minecraft.class_2755.method_11054(class_2755.java:16) ~[intermediary-fabric-loader-0.11.6-1.16.5.jar:?]
	at net.minecraft.class_2600.method_11072(class_2600.java:21) ~[intermediary-fabric-loader-0.11.6-1.16.5.jar:?]
	at net.minecraft.class_1255.method_18859(class_1255.java:144) [intermediary-fabric-loader-0.11.6-1.16.5.jar:?]
	at net.minecraft.class_4093.method_18859(class_4093.java:23) [intermediary-fabric-loader-0.11.6-1.16.5.jar:?]
	at net.minecraft.class_1255.method_16075(class_1255.java:118) [intermediary-fabric-loader-0.11.6-1.16.5.jar:?]
	at net.minecraft.class_1255.method_5383(class_1255.java:103) [intermediary-fabric-loader-0.11.6-1.16.5.jar:?]
	at net.minecraft.class_310.method_1523(class_310.java:1015) [intermediary-fabric-loader-0.11.6-1.16.5.jar:?]
	at net.minecraft.class_310.method_1514(class_310.java:681) [intermediary-fabric-loader-0.11.6-1.16.5.jar:?]
	at net.minecraft.client.main.Main.main(Main.java:215) [intermediary-fabric-loader-0.11.6-1.16.5.jar:?]
	at sun.reflect.NativeMethodAccessorImpl.invoke0(Native Method) ~[?:1.8.0_271]
	at sun.reflect.NativeMethodAccessorImpl.invoke(Unknown Source) ~[?:1.8.0_271]
	at sun.reflect.DelegatingMethodAccessorImpl.invoke(Unknown Source) ~[?:1.8.0_271]
	at java.lang.reflect.Method.invoke(Unknown Source) ~[?:1.8.0_271]
	at net.fabricmc.loader.game.MinecraftGameProvider.launch(MinecraftGameProvider.java:234) [fabric-loader-0.11.6.jar:?]
	at net.fabricmc.loader.launch.knot.Knot.launch(Knot.java:153) [fabric-loader-0.11.6.jar:?]
	at net.fabricmc.loader.launch.knot.KnotClient.main(KnotClient.java:28) [fabric-loader-0.11.6.jar:?]
[14:25:22] [pool-3-thread-1/INFO]: [STDOUT]: Loading region -1,-1 from disk C:\Users\st-do\AppData\Roaming\.minecraft\baritone\ultimismc.com\cache
[14:25:23] [main/INFO]: Loaded 10 advancements
[14:25:23] [main/FATAL]: Error executing task on Client
java.lang.NullPointerException: null
	at net.minecraft.class_269.method_1191(class_269.java:199) ~[intermediary-fabric-loader-0.11.6-1.16.5.jar:?]
	at net.minecraft.class_634.method_11099(class_634.java:2156) ~[intermediary-fabric-loader-0.11.6-1.16.5.jar:?]
	at net.minecraft.class_2755.method_11860(class_2755.java:122) ~[intermediary-fabric-loader-0.11.6-1.16.5.jar:?]
	at net.minecraft.class_2755.method_11054(class_2755.java:16) ~[intermediary-fabric-loader-0.11.6-1.16.5.jar:?]
	at net.minecraft.class_2600.method_11072(class_2600.java:21) ~[intermediary-fabric-loader-0.11.6-1.16.5.jar:?]
	at net.minecraft.class_1255.method_18859(class_1255.java:144) [intermediary-fabric-loader-0.11.6-1.16.5.jar:?]
	at net.minecraft.class_4093.method_18859(class_4093.java:23) [intermediary-fabric-loader-0.11.6-1.16.5.jar:?]
	at net.minecraft.class_1255.method_16075(class_1255.java:118) [intermediary-fabric-loader-0.11.6-1.16.5.jar:?]
	at net.minecraft.class_1255.method_5383(class_1255.java:103) [intermediary-fabric-loader-0.11.6-1.16.5.jar:?]
	at net.minecraft.class_310.method_1523(class_310.java:1015) [intermediary-fabric-loader-0.11.6-1.16.5.jar:?]
	at net.minecraft.class_310.method_1514(class_310.java:681) [intermediary-fabric-loader-0.11.6-1.16.5.jar:?]
	at net.minecraft.client.main.Main.main(Main.java:215) [intermediary-fabric-loader-0.11.6-1.16.5.jar:?]
	at sun.reflect.NativeMethodAccessorImpl.invoke0(Native Method) ~[?:1.8.0_271]
	at sun.reflect.NativeMethodAccessorImpl.invoke(Unknown Source) ~[?:1.8.0_271]
	at sun.reflect.DelegatingMethodAccessorImpl.invoke(Unknown Source) ~[?:1.8.0_271]
	at java.lang.reflect.Method.invoke(Unknown Source) ~[?:1.8.0_271]
	at net.fabricmc.loader.game.MinecraftGameProvider.launch(MinecraftGameProvider.java:234) [fabric-loader-0.11.6.jar:?]
	at net.fabricmc.loader.launch.knot.Knot.launch(Knot.java:153) [fabric-loader-0.11.6.jar:?]
	at net.fabricmc.loader.launch.knot.KnotClient.main(KnotClient.java:28) [fabric-loader-0.11.6.jar:?]
[14:25:23] [pool-3-thread-1/INFO]: [STDOUT]: Loaded region successfully in 422ms
[14:25:23] [main/FATAL]: Error executing task on Client
java.lang.NullPointerException: null
	at net.minecraft.class_269.method_1191(class_269.java:199) ~[intermediary-fabric-loader-0.11.6-1.16.5.jar:?]
	at net.minecraft.class_634.method_11099(class_634.java:2156) ~[intermediary-fabric-loader-0.11.6-1.16.5.jar:?]
	at net.minecraft.class_2755.method_11860(class_2755.java:122) ~[intermediary-fabric-loader-0.11.6-1.16.5.jar:?]
	at net.minecraft.class_2755.method_11054(class_2755.java:16) ~[intermediary-fabric-loader-0.11.6-1.16.5.jar:?]
	at net.minecraft.class_2600.method_11072(class_2600.java:21) ~[intermediary-fabric-loader-0.11.6-1.16.5.jar:?]
	at net.minecraft.class_1255.method_18859(class_1255.java:144) [intermediary-fabric-loader-0.11.6-1.16.5.jar:?]
	at net.minecraft.class_4093.method_18859(class_4093.java:23) [intermediary-fabric-loader-0.11.6-1.16.5.jar:?]
	at net.minecraft.class_1255.method_16075(class_1255.java:118) [intermediary-fabric-loader-0.11.6-1.16.5.jar:?]
	at net.minecraft.class_1255.method_5383(class_1255.java:103) [intermediary-fabric-loader-0.11.6-1.16.5.jar:?]
	at net.minecraft.class_310.method_1523(class_310.java:1015) [intermediary-fabric-loader-0.11.6-1.16.5.jar:?]
	at net.minecraft.class_310.method_1514(class_310.java:681) [intermediary-fabric-loader-0.11.6-1.16.5.jar:?]
	at net.minecraft.client.main.Main.main(Main.java:215) [intermediary-fabric-loader-0.11.6-1.16.5.jar:?]
	at sun.reflect.NativeMethodAccessorImpl.invoke0(Native Method) ~[?:1.8.0_271]
	at sun.reflect.NativeMethodAccessorImpl.invoke(Unknown Source) ~[?:1.8.0_271]
	at sun.reflect.DelegatingMethodAccessorImpl.invoke(Unknown Source) ~[?:1.8.0_271]
	at java.lang.reflect.Method.invoke(Unknown Source) ~[?:1.8.0_271]
	at net.fabricmc.loader.game.MinecraftGameProvider.launch(MinecraftGameProvider.java:234) [fabric-loader-0.11.6.jar:?]
	at net.fabricmc.loader.launch.knot.Knot.launch(Knot.java:153) [fabric-loader-0.11.6.jar:?]
	at net.fabricmc.loader.launch.knot.KnotClient.main(KnotClient.java:28) [fabric-loader-0.11.6.jar:?]
[14:25:23] [main/FATAL]: Error executing task on Client
java.lang.NullPointerException: null
	at net.minecraft.class_269.method_1191(class_269.java:199) ~[intermediary-fabric-loader-0.11.6-1.16.5.jar:?]
	at net.minecraft.class_634.method_11099(class_634.java:2156) ~[intermediary-fabric-loader-0.11.6-1.16.5.jar:?]
	at net.minecraft.class_2755.method_11860(class_2755.java:122) ~[intermediary-fabric-loader-0.11.6-1.16.5.jar:?]
	at net.minecraft.class_2755.method_11054(class_2755.java:16) ~[intermediary-fabric-loader-0.11.6-1.16.5.jar:?]
	at net.minecraft.class_2600.method_11072(class_2600.java:21) ~[intermediary-fabric-loader-0.11.6-1.16.5.jar:?]
	at net.minecraft.class_1255.method_18859(class_1255.java:144) [intermediary-fabric-loader-0.11.6-1.16.5.jar:?]
	at net.minecraft.class_4093.method_18859(class_4093.java:23) [intermediary-fabric-loader-0.11.6-1.16.5.jar:?]
	at net.minecraft.class_1255.method_16075(class_1255.java:118) [intermediary-fabric-loader-0.11.6-1.16.5.jar:?]
	at net.minecraft.class_1255.method_5383(class_1255.java:103) [intermediary-fabric-loader-0.11.6-1.16.5.jar:?]
	at net.minecraft.class_310.method_1523(class_310.java:1015) [intermediary-fabric-loader-0.11.6-1.16.5.jar:?]
	at net.minecraft.class_310.method_1514(class_310.java:681) [intermediary-fabric-loader-0.11.6-1.16.5.jar:?]
	at net.minecraft.client.main.Main.main(Main.java:215) [intermediary-fabric-loader-0.11.6-1.16.5.jar:?]
	at sun.reflect.NativeMethodAccessorImpl.invoke0(Native Method) ~[?:1.8.0_271]
	at sun.reflect.NativeMethodAccessorImpl.invoke(Unknown Source) ~[?:1.8.0_271]
	at sun.reflect.DelegatingMethodAccessorImpl.invoke(Unknown Source) ~[?:1.8.0_271]
	at java.lang.reflect.Method.invoke(Unknown Source) ~[?:1.8.0_271]
	at net.fabricmc.loader.game.MinecraftGameProvider.launch(MinecraftGameProvider.java:234) [fabric-loader-0.11.6.jar:?]
	at net.fabricmc.loader.launch.knot.Knot.launch(Knot.java:153) [fabric-loader-0.11.6.jar:?]
	at net.fabricmc.loader.launch.knot.KnotClient.main(KnotClient.java:28) [fabric-loader-0.11.6.jar:?]
[14:25:23] [main/FATAL]: Error executing task on Client
java.lang.NullPointerException: null
	at net.minecraft.class_269.method_1191(class_269.java:199) ~[intermediary-fabric-loader-0.11.6-1.16.5.jar:?]
	at net.minecraft.class_634.method_11099(class_634.java:2156) ~[intermediary-fabric-loader-0.11.6-1.16.5.jar:?]
	at net.minecraft.class_2755.method_11860(class_2755.java:122) ~[intermediary-fabric-loader-0.11.6-1.16.5.jar:?]
	at net.minecraft.class_2755.method_11054(class_2755.java:16) ~[intermediary-fabric-loader-0.11.6-1.16.5.jar:?]
	at net.minecraft.class_2600.method_11072(class_2600.java:21) ~[intermediary-fabric-loader-0.11.6-1.16.5.jar:?]
	at net.minecraft.class_1255.method_18859(class_1255.java:144) [intermediary-fabric-loader-0.11.6-1.16.5.jar:?]
	at net.minecraft.class_4093.method_18859(class_4093.java:23) [intermediary-fabric-loader-0.11.6-1.16.5.jar:?]
	at net.minecraft.class_1255.method_16075(class_1255.java:118) [intermediary-fabric-loader-0.11.6-1.16.5.jar:?]
	at net.minecraft.class_1255.method_5383(class_1255.java:103) [intermediary-fabric-loader-0.11.6-1.16.5.jar:?]
	at net.minecraft.class_310.method_1523(class_310.java:1015) [intermediary-fabric-loader-0.11.6-1.16.5.jar:?]
	at net.minecraft.class_310.method_1514(class_310.java:681) [intermediary-fabric-loader-0.11.6-1.16.5.jar:?]
	at net.minecraft.client.main.Main.main(Main.java:215) [intermediary-fabric-loader-0.11.6-1.16.5.jar:?]
	at sun.reflect.NativeMethodAccessorImpl.invoke0(Native Method) ~[?:1.8.0_271]
	at sun.reflect.NativeMethodAccessorImpl.invoke(Unknown Source) ~[?:1.8.0_271]
	at sun.reflect.DelegatingMethodAccessorImpl.invoke(Unknown Source) ~[?:1.8.0_271]
	at java.lang.reflect.Method.invoke(Unknown Source) ~[?:1.8.0_271]
	at net.fabricmc.loader.game.MinecraftGameProvider.launch(MinecraftGameProvider.java:234) [fabric-loader-0.11.6.jar:?]
	at net.fabricmc.loader.launch.knot.Knot.launch(Knot.java:153) [fabric-loader-0.11.6.jar:?]
	at net.fabricmc.loader.launch.knot.KnotClient.main(KnotClient.java:28) [fabric-loader-0.11.6.jar:?]
[14:25:23] [main/FATAL]: Error executing task on Client
java.lang.NullPointerException: null
	at net.minecraft.class_269.method_1191(class_269.java:199) ~[intermediary-fabric-loader-0.11.6-1.16.5.jar:?]
	at net.minecraft.class_634.method_11099(class_634.java:2156) ~[intermediary-fabric-loader-0.11.6-1.16.5.jar:?]
	at net.minecraft.class_2755.method_11860(class_2755.java:122) ~[intermediary-fabric-loader-0.11.6-1.16.5.jar:?]
	at net.minecraft.class_2755.method_11054(class_2755.java:16) ~[intermediary-fabric-loader-0.11.6-1.16.5.jar:?]
	at net.minecraft.class_2600.method_11072(class_2600.java:21) ~[intermediary-fabric-loader-0.11.6-1.16.5.jar:?]
	at net.minecraft.class_1255.method_18859(class_1255.java:144) [intermediary-fabric-loader-0.11.6-1.16.5.jar:?]
	at net.minecraft.class_4093.method_18859(class_4093.java:23) [intermediary-fabric-loader-0.11.6-1.16.5.jar:?]
	at net.minecraft.class_1255.method_16075(class_1255.java:118) [intermediary-fabric-loader-0.11.6-1.16.5.jar:?]
	at net.minecraft.class_1255.method_5383(class_1255.java:103) [intermediary-fabric-loader-0.11.6-1.16.5.jar:?]
	at net.minecraft.class_310.method_1523(class_310.java:1015) [intermediary-fabric-loader-0.11.6-1.16.5.jar:?]
	at net.minecraft.class_310.method_1514(class_310.java:681) [intermediary-fabric-loader-0.11.6-1.16.5.jar:?]
	at net.minecraft.client.main.Main.main(Main.java:215) [intermediary-fabric-loader-0.11.6-1.16.5.jar:?]
	at sun.reflect.NativeMethodAccessorImpl.invoke0(Native Method) ~[?:1.8.0_271]
	at sun.reflect.NativeMethodAccessorImpl.invoke(Unknown Source) ~[?:1.8.0_271]
	at sun.reflect.DelegatingMethodAccessorImpl.invoke(Unknown Source) ~[?:1.8.0_271]
	at java.lang.reflect.Method.invoke(Unknown Source) ~[?:1.8.0_271]
	at net.fabricmc.loader.game.MinecraftGameProvider.launch(MinecraftGameProvider.java:234) [fabric-loader-0.11.6.jar:?]
	at net.fabricmc.loader.launch.knot.Knot.launch(Knot.java:153) [fabric-loader-0.11.6.jar:?]
	at net.fabricmc.loader.launch.knot.KnotClient.main(KnotClient.java:28) [fabric-loader-0.11.6.jar:?]
[14:25:23] [pool-3-thread-1/INFO]: [STDOUT]: Loading region -1,0 from disk C:\Users\st-do\AppData\Roaming\.minecraft\baritone\ultimismc.com\cache
[14:25:23] [pool-3-thread-1/INFO]: [STDOUT]: Loaded region successfully in 489ms
[14:25:24] [pool-3-thread-1/INFO]: [STDOUT]: Loading region 0,-1 from disk C:\Users\st-do\AppData\Roaming\.minecraft\baritone\ultimismc.com\cache
[14:25:25] [pool-3-thread-1/INFO]: [STDOUT]: Loaded region successfully in 574ms
[14:25:25] [pool-3-thread-1/INFO]: [STDOUT]: Loading region 0,0 from disk C:\Users\st-do\AppData\Roaming\.minecraft\baritone\ultimismc.com\cache
[14:25:26] [pool-3-thread-1/INFO]: [STDOUT]: Loaded region successfully in 410ms
[14:25:26] [main/FATAL]: Error executing task on Client
java.lang.NullPointerException: null
	at net.minecraft.class_269.method_1191(class_269.java:199) ~[intermediary-fabric-loader-0.11.6-1.16.5.jar:?]
	at net.minecraft.class_634.method_11099(class_634.java:2156) ~[intermediary-fabric-loader-0.11.6-1.16.5.jar:?]
	at net.minecraft.class_2755.method_11860(class_2755.java:122) ~[intermediary-fabric-loader-0.11.6-1.16.5.jar:?]
	at net.minecraft.class_2755.method_11054(class_2755.java:16) ~[intermediary-fabric-loader-0.11.6-1.16.5.jar:?]
	at net.minecraft.class_2600.method_11072(class_2600.java:21) ~[intermediary-fabric-loader-0.11.6-1.16.5.jar:?]
	at net.minecraft.class_1255.method_18859(class_1255.java:144) [intermediary-fabric-loader-0.11.6-1.16.5.jar:?]
	at net.minecraft.class_4093.method_18859(class_4093.java:23) [intermediary-fabric-loader-0.11.6-1.16.5.jar:?]
	at net.minecraft.class_1255.method_16075(class_1255.java:118) [intermediary-fabric-loader-0.11.6-1.16.5.jar:?]
	at net.minecraft.class_1255.method_5383(class_1255.java:103) [intermediary-fabric-loader-0.11.6-1.16.5.jar:?]
	at net.minecraft.class_310.method_1523(class_310.java:1015) [intermediary-fabric-loader-0.11.6-1.16.5.jar:?]
	at net.minecraft.class_310.method_1514(class_310.java:681) [intermediary-fabric-loader-0.11.6-1.16.5.jar:?]
	at net.minecraft.client.main.Main.main(Main.java:215) [intermediary-fabric-loader-0.11.6-1.16.5.jar:?]
	at sun.reflect.NativeMethodAccessorImpl.invoke0(Native Method) ~[?:1.8.0_271]
	at sun.reflect.NativeMethodAccessorImpl.invoke(Unknown Source) ~[?:1.8.0_271]
	at sun.reflect.DelegatingMethodAccessorImpl.invoke(Unknown Source) ~[?:1.8.0_271]
	at java.lang.reflect.Method.invoke(Unknown Source) ~[?:1.8.0_271]
	at net.fabricmc.loader.game.MinecraftGameProvider.launch(MinecraftGameProvider.java:234) [fabric-loader-0.11.6.jar:?]
	at net.fabricmc.loader.launch.knot.Knot.launch(Knot.java:153) [fabric-loader-0.11.6.jar:?]
	at net.fabricmc.loader.launch.knot.KnotClient.main(KnotClient.java:28) [fabric-loader-0.11.6.jar:?]
[14:25:34] [main/FATAL]: Error executing task on Client
java.lang.NullPointerException: null
	at net.minecraft.class_269.method_1191(class_269.java:199) ~[intermediary-fabric-loader-0.11.6-1.16.5.jar:?]
	at net.minecraft.class_634.method_11099(class_634.java:2156) ~[intermediary-fabric-loader-0.11.6-1.16.5.jar:?]
	at net.minecraft.class_2755.method_11860(class_2755.java:122) ~[intermediary-fabric-loader-0.11.6-1.16.5.jar:?]
	at net.minecraft.class_2755.method_11054(class_2755.java:16) ~[intermediary-fabric-loader-0.11.6-1.16.5.jar:?]
	at net.minecraft.class_2600.method_11072(class_2600.java:21) ~[intermediary-fabric-loader-0.11.6-1.16.5.jar:?]
	at net.minecraft.class_1255.method_18859(class_1255.java:144) [intermediary-fabric-loader-0.11.6-1.16.5.jar:?]
	at net.minecraft.class_4093.method_18859(class_4093.java:23) [intermediary-fabric-loader-0.11.6-1.16.5.jar:?]
	at net.minecraft.class_1255.method_16075(class_1255.java:118) [intermediary-fabric-loader-0.11.6-1.16.5.jar:?]
	at net.minecraft.class_1255.method_5383(class_1255.java:103) [intermediary-fabric-loader-0.11.6-1.16.5.jar:?]
	at net.minecraft.class_310.method_1523(class_310.java:1015) [intermediary-fabric-loader-0.11.6-1.16.5.jar:?]
	at net.minecraft.class_310.method_1514(class_310.java:681) [intermediary-fabric-loader-0.11.6-1.16.5.jar:?]
	at net.minecraft.client.main.Main.main(Main.java:215) [intermediary-fabric-loader-0.11.6-1.16.5.jar:?]
	at sun.reflect.NativeMethodAccessorImpl.invoke0(Native Method) ~[?:1.8.0_271]
	at sun.reflect.NativeMethodAccessorImpl.invoke(Unknown Source) ~[?:1.8.0_271]
	at sun.reflect.DelegatingMethodAccessorImpl.invoke(Unknown Source) ~[?:1.8.0_271]
	at java.lang.reflect.Method.invoke(Unknown Source) ~[?:1.8.0_271]
	at net.fabricmc.loader.game.MinecraftGameProvider.launch(MinecraftGameProvider.java:234) [fabric-loader-0.11.6.jar:?]
	at net.fabricmc.loader.launch.knot.Knot.launch(Knot.java:153) [fabric-loader-0.11.6.jar:?]
	at net.fabricmc.loader.launch.knot.KnotClient.main(KnotClient.java:28) [fabric-loader-0.11.6.jar:?]
[14:25:35] [main/INFO]: Stopping!
